============================= test session starts ==============================
platform linux -- Python 3.11.14, pytest-9.0.2, pluggy-1.6.0 -- /opt/hostedtoolcache/Python/3.11.14/x64/bin/python
cachedir: .pytest_cache
metadata: {'Python': '3.11.14', 'Platform': 'Linux-6.11.0-1018-azure-x86_64-with-glibc2.39', 'Packages': {'pytest': '9.0.2', 'pluggy': '1.6.0'}, 'Plugins': {'html': '4.1.1', 'langsmith': '0.6.1', 'base-url': '2.1.0', 'playwright': '0.7.2', 'anyio': '4.12.1', 'metadata': '3.1.1'}, 'CI': 'true', 'JAVA_HOME': '/usr/lib/jvm/temurin-17-jdk-amd64', 'Base URL': ''}
rootdir: /home/runner/work/build_qa_automation/build_qa_automation
plugins: html-4.1.1, langsmith-0.6.1, base-url-2.1.0, playwright-0.7.2, anyio-4.12.1, metadata-3.1.1
collecting ... collected 1 item

projects/core_parabank/tests/test_main.py::test_autonomous_flow[chromium] FAILED

=================================== FAILURES ===================================
________________________ test_autonomous_flow[chromium] ________________________

browser = <Browser type=<BrowserType name=chromium executable_path=/home/runner/.cache/ms-playwright/chromium-1200/chrome-linux64/chrome> version=143.0.7499.4>

    def test_autonomous_flow(browser: Browser):
        # 1. Setup
        context = browser.new_context(viewport={"width": 1920, "height": 1080})
        page = context.new_page()
        parabank_page = ParabankPage(page)
        parabank_wadl_page = ParabankWadlPage(page)
    
        # 2. Logic (using POM)
        parabank_page.goto()
    
        # Step 0: Click Account History link
>       parabank_page.click_account_history()

projects/core_parabank/tests/test_main.py:69: 
_ _ _ _ _ _ _ _ _ _ _ _ _ _ _ _ _ _ _ _ _ _ _ _ _ _ _ _ _ _ _ _ _ _ _ _ _ _ _ _ 

self = <test_main.ParabankPage object at 0x7f05bc526990>

    def click_account_history(self) -> None:
        self.account_history_link.click()
        wait_for_stability(self.page)
>       expect(self.page).to_have_url(re.compile(".*/accountactivity.htm", re.IGNORECASE))
E       AssertionError: Page URL expected to be 're.compile('.*/accountactivity.htm', re.IGNORECASE)'
E       Actual value: https://parabank.parasoft.com/parabank/services/bank;jsessionid=1825DB040278DA17832C5FDE763CC7DA?_wadl&_type=xml 
E       Call log:
E         - Expect "to_have_url" with timeout 5000ms
E           9 × unexpected value "https://parabank.parasoft.com/parabank/services/bank;jsessionid=1825DB040278DA17832C5FDE763CC7DA?_wadl&_type=xml"

projects/core_parabank/tests/test_main.py:35: AssertionError
=========================== short test summary info ============================
FAILED projects/core_parabank/tests/test_main.py::test_autonomous_flow[chromium] - AssertionError: Page URL expected to be 're.compile('.*/accountactivity.htm', re.IGNORECASE)'
Actual value: https://parabank.parasoft.com/parabank/services/bank;jsessionid=1825DB040278DA17832C5FDE763CC7DA?_wadl&_type=xml 
Call log:
  - Expect "to_have_url" with timeout 5000ms
    9 × unexpected value "https://parabank.parasoft.com/parabank/services/bank;jsessionid=1825DB040278DA17832C5FDE763CC7DA?_wadl&_type=xml"
============================== 1 failed in 7.10s ===============================

