============================= test session starts ==============================
platform linux -- Python 3.11.14, pytest-9.0.2, pluggy-1.6.0 -- /opt/hostedtoolcache/Python/3.11.14/x64/bin/python
cachedir: .pytest_cache
metadata: {'Python': '3.11.14', 'Platform': 'Linux-6.11.0-1018-azure-x86_64-with-glibc2.39', 'Packages': {'pytest': '9.0.2', 'pluggy': '1.6.0'}, 'Plugins': {'html': '4.1.1', 'langsmith': '0.6.1', 'base-url': '2.1.0', 'playwright': '0.7.2', 'anyio': '4.12.1', 'metadata': '3.1.1'}, 'CI': 'true', 'JAVA_HOME': '/usr/lib/jvm/temurin-17-jdk-amd64', 'Base URL': ''}
rootdir: /home/runner/work/build_qa_automation/build_qa_automation
plugins: html-4.1.1, langsmith-0.6.1, base-url-2.1.0, playwright-0.7.2, anyio-4.12.1, metadata-3.1.1
collecting ... collected 1 item

projects/core_parabank/tests/test_main.py::test_autonomous_flow[chromium] FAILED

=================================== FAILURES ===================================
________________________ test_autonomous_flow[chromium] ________________________

browser = <Browser type=<BrowserType name=chromium executable_path=/home/runner/.cache/ms-playwright/chromium-1200/chrome-linux64/chrome> version=143.0.7499.4>

    def test_autonomous_flow(browser: Browser):
        # 1. Setup
        context = browser.new_context(viewport={"width": 1920, "height": 1080})
        page = context.new_page()
        parabank_page = ParabankPage(page)
        parabank_page.goto()
    
        # 2. Logic (using POM)
        # Step 0: Click Account History link
        parabank_page.click_account_history()
        try:
>           expect(page).to_have_url(re.compile(".*account.htm"), timeout=10000)
E           AssertionError: Page URL expected to be 're.compile('.*account.htm')'
E           Actual value: https://parabank.parasoft.com/parabank/services/bank;jsessionid=A10743EF5E1ECB02AF7B042CB48A4372?_wadl&_type=xml 
E           Call log:
E             - Expect "to_have_url" with timeout 10000ms
E               14 × unexpected value "https://parabank.parasoft.com/parabank/services/bank;jsessionid=A10743EF5E1ECB02AF7B042CB48A4372?_wadl&_type=xml"

projects/core_parabank/tests/test_main.py:70: AssertionError

During handling of the above exception, another exception occurred:

browser = <Browser type=<BrowserType name=chromium executable_path=/home/runner/.cache/ms-playwright/chromium-1200/chrome-linux64/chrome> version=143.0.7499.4>

    def test_autonomous_flow(browser: Browser):
        # 1. Setup
        context = browser.new_context(viewport={"width": 1920, "height": 1080})
        page = context.new_page()
        parabank_page = ParabankPage(page)
        parabank_page.goto()
    
        # 2. Logic (using POM)
        # Step 0: Click Account History link
        parabank_page.click_account_history()
        try:
            expect(page).to_have_url(re.compile(".*account.htm"), timeout=10000)
        except AssertionError:
            # If it redirects to the WADL page, navigate back to home and try again
            page.goto("https://parabank.parasoft.com/parabank/index.htm")
            parabank_page.click_account_history()
>           expect(page).to_have_url(re.compile(".*account.htm"), timeout=10000)
E           AssertionError: Page URL expected to be 're.compile('.*account.htm')'
E           Actual value: https://parabank.parasoft.com/parabank/services/bank?_wadl&_type=xml 
E           Call log:
E             - Expect "to_have_url" with timeout 10000ms
E               14 × unexpected value "https://parabank.parasoft.com/parabank/services/bank?_wadl&_type=xml"

projects/core_parabank/tests/test_main.py:75: AssertionError
=========================== short test summary info ============================
FAILED projects/core_parabank/tests/test_main.py::test_autonomous_flow[chromium] - AssertionError: Page URL expected to be 're.compile('.*account.htm')'
Actual value: https://parabank.parasoft.com/parabank/services/bank?_wadl&_type=xml 
Call log:
  - Expect "to_have_url" with timeout 10000ms
    14 × unexpected value "https://parabank.parasoft.com/parabank/services/bank?_wadl&_type=xml"
============================== 1 failed in 22.09s ==============================

