============================= test session starts =============================
platform win32 -- Python 3.11.9, pytest-9.0.2, pluggy-1.6.0 -- C:\Users\vishv\AppData\Local\Programs\Python\Python311\python.exe
cachedir: .pytest_cache
rootdir: C:\Users\vishv\.gemini\antigravity\playground\inner-event
plugins: anyio-4.12.0, langsmith-0.5.2, base-url-2.1.0, playwright-0.7.2
collecting ... collected 1 item

projects/verify_custom_phptravels/tests/test_main.py::test_autonomous_flow[chromium] FAILED

================================== FAILURES ===================================
_______________________ test_autonomous_flow[chromium] ________________________

browser = <Browser type=<BrowserType name=chromium executable_path=C:\Users\vishv\AppData\Local\ms-playwright\chromium-1200\chrome-win64\chrome.exe> version=143.0.7499.4>

    def test_autonomous_flow(browser):
        page = browser.new_page()
        base_page = BasePage(page)
        home_page = HomePage(page)
    
        base_page.navigate("https://phptravels.com/demo/")
        base_page.click_demo_link()
        base_page.navigate("https://phptravels.com/")
>       base_page.click_hotels_link()

projects\verify_custom_phptravels\tests\test_main.py:45: 
_ _ _ _ _ _ _ _ _ _ _ _ _ _ _ _ _ _ _ _ _ _ _ _ _ _ _ _ _ _ _ _ _ _ _ _ _ _ _ _
projects\verify_custom_phptravels\tests\test_main.py:25: in click_hotels_link
    self.page.get_by_role("link", name="Hotels").click()
..\..\..\..\AppData\Local\Programs\Python\Python311\Lib\site-packages\playwright\sync_api\_generated.py:15637: in click
    self._sync(
..\..\..\..\AppData\Local\Programs\Python\Python311\Lib\site-packages\playwright\_impl\_locator.py:162: in click
    return await self._frame._click(self._selector, strict=True, **params)
           ^^^^^^^^^^^^^^^^^^^^^^^^^^^^^^^^^^^^^^^^^^^^^^^^^^^^^^^^^^^^^^^
..\..\..\..\AppData\Local\Programs\Python\Python311\Lib\site-packages\playwright\_impl\_frame.py:566: in _click
    await self._channel.send("click", self._timeout, locals_to_params(locals()))
..\..\..\..\AppData\Local\Programs\Python\Python311\Lib\site-packages\playwright\_impl\_connection.py:69: in send
    return await self._connection.wrap_api_call(
_ _ _ _ _ _ _ _ _ _ _ _ _ _ _ _ _ _ _ _ _ _ _ _ _ _ _ _ _ _ _ _ _ _ _ _ _ _ _ _

self = <playwright._impl._connection.Connection object at 0x000001BC77BEC5D0>
cb = <function Channel.send.<locals>.<lambda> at 0x000001BC77EC1120>
is_internal = False, title = None

    async def wrap_api_call(
        self, cb: Callable[[], Any], is_internal: bool = False, title: str = None
    ) -> Any:
        if self._api_zone.get():
            return await cb()
        task = asyncio.current_task(self._loop)
        st: List[inspect.FrameInfo] = getattr(
            task, "__pw_stack__", None
        ) or inspect.stack(0)
    
        parsed_st = _extract_stack_trace_information_from_stack(st, is_internal, title)
        self._api_zone.set(parsed_st)
        try:
            return await cb()
        except Exception as error:
>           raise rewrite_error(error, f"{parsed_st['apiName']}: {error}") from None
E           playwright._impl._errors.Error: Locator.click: Error: strict mode violation: get_by_role("link", name="Hotels") resolved to 2 elements:
E               1) <a class="hover:text-primary transition-colors" href="https://phptravels.com/hotel-module-features">↵                        Hotels↵                 …</a> aka get_by_role("link", name="Hotels").first
E               2) <a rel="noopener" target="_blank" href="https://phptravels.com/hotel-module-features" class="inline-flex items-center rounded-full border border-blue-200 bg-white/80 px-2.5 py-1 text-xs font-medium text-blue-700 hover:bg-white hover:border-blue-300">Hotels</a> aka get_by_label("Modules").get_by_role("link", name="Hotels")
E           
E           Call log:
E             - waiting for get_by_role("link", name="Hotels")

..\..\..\..\AppData\Local\Programs\Python\Python311\Lib\site-packages\playwright\_impl\_connection.py:559: Error
=========================== short test summary info ===========================
FAILED projects/verify_custom_phptravels/tests/test_main.py::test_autonomous_flow[chromium]
============================== 1 failed in 4.17s ==============================

