============================= test session starts ==============================
platform linux -- Python 3.11.14, pytest-9.0.2, pluggy-1.6.0 -- /opt/hostedtoolcache/Python/3.11.14/x64/bin/python
cachedir: .pytest_cache
metadata: {'Python': '3.11.14', 'Platform': 'Linux-6.11.0-1018-azure-x86_64-with-glibc2.39', 'Packages': {'pytest': '9.0.2', 'pluggy': '1.6.0'}, 'Plugins': {'html': '4.1.1', 'base-url': '2.1.0', 'playwright': '0.7.2', 'anyio': '4.12.1', 'metadata': '3.1.1', 'langsmith': '0.6.2'}, 'CI': 'true', 'JAVA_HOME': '/usr/lib/jvm/temurin-17-jdk-amd64', 'Base URL': ''}
rootdir: /home/runner/work/build_qa_automation/build_qa_automation
plugins: html-4.1.1, base-url-2.1.0, playwright-0.7.2, anyio-4.12.1, metadata-3.1.1, langsmith-0.6.2
collecting ... collected 1 item

projects/verify_custom_swagstore/tests/test_main.py::test_autonomous_flow[chromium] FAILED

=================================== FAILURES ===================================
________________________ test_autonomous_flow[chromium] ________________________

browser = <Browser type=<BrowserType name=chromium executable_path=/home/runner/.cache/ms-playwright/chromium-1200/chrome-linux64/chrome> version=143.0.7499.4>

    def test_autonomous_flow(browser: Browser):
        page = browser.new_page()
        login_page = LoginPage(page)
        inventory_page = InventoryPage(page)
    
        login_page.navigate("https://www.saucedemo.com/")
        login_page.login("standard_user", "secret_sauce")
    
>       expect(inventory_page.inventory_container).to_be_visible()
E       AssertionError: Locator expected to be visible
E       Actual value: None
E       Error: strict mode violation: locator("#inventory_container") resolved to 2 elements:
E           1) <div id="inventory_container">…</div> aka locator("#inventory_container").first
E           2) <div id="inventory_container" class="inventory_container" data-test="inventory-container">…</div> aka locator("[data-test=\"inventory-container\"]")
E        
E       Call log:
E         - Expect "to_be_visible" with timeout 5000ms
E         - waiting for locator("#inventory_container")

projects/verify_custom_swagstore/tests/test_main.py:52: AssertionError
=========================== short test summary info ============================
FAILED projects/verify_custom_swagstore/tests/test_main.py::test_autonomous_flow[chromium] - AssertionError: Locator expected to be visible
Actual value: None
Error: strict mode violation: locator("#inventory_container") resolved to 2 elements:
    1) <div id="inventory_container">…</div> aka locator("#inventory_container").first
    2) <div id="inventory_container" class="inventory_container" data-test="inventory-container">…</div> aka locator("[data-test=\"inventory-container\"]")
 
Call log:
  - Expect "to_be_visible" with timeout 5000ms
  - waiting for locator("#inventory_container")
============================== 1 failed in 1.38s ===============================

