============================= test session starts ==============================
platform linux -- Python 3.11.14, pytest-9.0.2, pluggy-1.6.0 -- /opt/hostedtoolcache/Python/3.11.14/x64/bin/python
cachedir: .pytest_cache
metadata: {'Python': '3.11.14', 'Platform': 'Linux-6.11.0-1018-azure-x86_64-with-glibc2.39', 'Packages': {'pytest': '9.0.2', 'pluggy': '1.6.0'}, 'Plugins': {'html': '4.1.1', 'base-url': '2.1.0', 'playwright': '0.7.2', 'anyio': '4.12.1', 'metadata': '3.1.1', 'langsmith': '0.6.2'}, 'CI': 'true', 'JAVA_HOME': '/usr/lib/jvm/temurin-17-jdk-amd64', 'Base URL': ''}
rootdir: /home/runner/work/build_qa_automation/build_qa_automation
plugins: html-4.1.1, base-url-2.1.0, playwright-0.7.2, anyio-4.12.1, metadata-3.1.1, langsmith-0.6.2
collecting ... collected 1 item

projects/dyson_e2e_ci/tests/test_main.py::test_autonomous_flow[chromium] FAILED

=================================== FAILURES ===================================
________________________ test_autonomous_flow[chromium] ________________________

page = <Page url='about:blank'>

    def test_autonomous_flow(page):
        import sys, os
        sys.path.append(os.getcwd())
        try:
            from helpers import take_screenshot, wait_for_stability
        except ImportError:
            def take_screenshot(page, name, project_name):
                print(f"Screenshot skipped: {name}")
                pass
    
            def wait_for_stability(page):
                pass
    
        project_name = os.getenv('PROJECT_NAME', 'Dyson')
    
        base_page = BasePage(page)
        home_page = HomePage(page)
        product_detail_page = ProductDetailPage(page)
        cart_page = CartPage(page)
        checkout_page = CheckoutPage(page)
    
        # 1. Navigate to the Dyson India website
>       base_page.navigate("https://www.dyson.in/")

projects/dyson_e2e_ci/tests/test_main.py:106: 
_ _ _ _ _ _ _ _ _ _ _ _ _ _ _ _ _ _ _ _ _ _ _ _ _ _ _ _ _ _ _ _ _ _ _ _ _ _ _ _ 
projects/dyson_e2e_ci/tests/test_main.py:37: in navigate
    self.page.goto(url, timeout=60000)
/opt/hostedtoolcache/Python/3.11.14/x64/lib/python3.11/site-packages/playwright/sync_api/_generated.py:9050: in goto
    self._sync(
/opt/hostedtoolcache/Python/3.11.14/x64/lib/python3.11/site-packages/playwright/_impl/_page.py:552: in goto
    return await self._main_frame.goto(**locals_to_params(locals()))
           ^^^^^^^^^^^^^^^^^^^^^^^^^^^^^^^^^^^^^^^^^^^^^^^^^^^^^^^^^
/opt/hostedtoolcache/Python/3.11.14/x64/lib/python3.11/site-packages/playwright/_impl/_frame.py:153: in goto
    await self._channel.send(
/opt/hostedtoolcache/Python/3.11.14/x64/lib/python3.11/site-packages/playwright/_impl/_connection.py:69: in send
    return await self._connection.wrap_api_call(
_ _ _ _ _ _ _ _ _ _ _ _ _ _ _ _ _ _ _ _ _ _ _ _ _ _ _ _ _ _ _ _ _ _ _ _ _ _ _ _ 

self = <playwright._impl._connection.Connection object at 0x7f057c401bd0>
cb = <function Channel.send.<locals>.<lambda> at 0x7f057b2277e0>
is_internal = False, title = None

    async def wrap_api_call(
        self, cb: Callable[[], Any], is_internal: bool = False, title: str = None
    ) -> Any:
        if self._api_zone.get():
            return await cb()
        task = asyncio.current_task(self._loop)
        st: List[inspect.FrameInfo] = getattr(
            task, "__pw_stack__", None
        ) or inspect.stack(0)
    
        parsed_st = _extract_stack_trace_information_from_stack(st, is_internal, title)
        self._api_zone.set(parsed_st)
        try:
            return await cb()
        except Exception as error:
>           raise rewrite_error(error, f"{parsed_st['apiName']}: {error}") from None
E           playwright._impl._errors.Error: Page.goto: net::ERR_HTTP2_PROTOCOL_ERROR at https://www.dyson.in/
E           Call log:
E             - navigating to "https://www.dyson.in/", waiting until "load"

/opt/hostedtoolcache/Python/3.11.14/x64/lib/python3.11/site-packages/playwright/_impl/_connection.py:559: Error
=========================== short test summary info ============================
FAILED projects/dyson_e2e_ci/tests/test_main.py::test_autonomous_flow[chromium] - playwright._impl._errors.Error: Page.goto: net::ERR_HTTP2_PROTOCOL_ERROR at https://www.dyson.in/
Call log:
  - navigating to "https://www.dyson.in/", waiting until "load"
============================== 1 failed in 0.77s ===============================

