============================= test session starts =============================
platform win32 -- Python 3.11.9, pytest-9.0.2, pluggy-1.6.0 -- C:\Users\vishv\AppData\Local\Programs\Python\Python311\python.exe
cachedir: .pytest_cache
rootdir: C:\Users\vishv\.gemini\antigravity\playground\inner-event
plugins: anyio-4.12.0, langsmith-0.5.2, base-url-2.1.0, playwright-0.7.2
collecting ... collected 1 item

projects/verify_custom_automationexercise/tests/test_main.py::test_autonomous_flow FAILED

================================== FAILURES ===================================
____________________________ test_autonomous_flow _____________________________

browser = <Browser type=<BrowserType name=chromium executable_path=C:\Users\vishv\AppData\Local\ms-playwright\chromium-1200\chrome-win64\chrome.exe> version=143.0.7499.4>

    def test_autonomous_flow(browser):
        page = browser.new_page()
        home_page = HomePage(page)
        products_page = ProductsPage(page)
    
        home_page.navigate_to_home()
        home_page.navigate_to_products_page()
        products_page.search_product("Shirt")
    
>       expect(page.locator(".productinfo")).to_be_visible()
E       AssertionError: Locator expected to be visible
E       Actual value: None
E       Error: strict mode violation: locator(".productinfo") resolved to 13 elements:
E           1) <div class="productinfo text-center">�</div> aka get_by_text("Rs. 400 Men Tshirt Add to cart").first
E           2) <div class="productinfo text-center">�</div> aka get_by_text("Rs. 499 Sleeves Printed Top").first
E           3) <div class="productinfo text-center">�</div> aka get_by_text("Rs. 359 Half Sleeves Top").first
E           4) <div class="productinfo text-center">�</div> aka get_by_text("Rs. 278 Frozen Tops For Kids").first
E           5) <div class="productinfo text-center">�</div> aka get_by_text("Rs. 679 Full Sleeves Top").first
E           6) <div class="productinfo text-center">�</div> aka get_by_text("Rs. 315 Printed Off Shoulder").first
E           7) <div class="productinfo text-center">�</div> aka get_by_text("Rs. 1200 Little Girls Mr.").first
E           8) <div class="productinfo text-center">�</div> aka get_by_text("Rs. 849 Colour Blocked Shirt").first
E           9) <div class="productinfo text-center">�</div> aka get_by_text("Rs. 1299 Pure Cotton V-Neck T").first
E           10) <div class="productinfo text-center">�</div> aka get_by_text("Rs. 1000 Green Side Placket").first
E           ...
E        
E       Call log:
E         - Expect "to_be_visible" with timeout 5000ms
E         - waiting for locator(".productinfo")

projects\verify_custom_automationexercise\tests\test_main.py:63: AssertionError
=========================== short test summary info ===========================
FAILED projects/verify_custom_automationexercise/tests/test_main.py::test_autonomous_flow
============================== 1 failed in 9.68s ==============================

