============================= test session starts =============================
platform win32 -- Python 3.11.9, pytest-9.0.2, pluggy-1.6.0 -- C:\Users\vishv\AppData\Local\Programs\Python\Python311\python.exe
cachedir: .pytest_cache
rootdir: C:\Users\vishv\.gemini\antigravity\playground\inner-event
plugins: anyio-4.12.0, langsmith-0.5.2, base-url-2.1.0, playwright-0.7.2
collecting ... collected 1 item

projects/demo_complex/test_sauce.py::test_autonomous_flow[chromium] FAILED

================================== FAILURES ===================================
_______________________ test_autonomous_flow[chromium] ________________________

browser = <Browser type=<BrowserType name=chromium executable_path=C:\Users\vishv\AppData\Local\ms-playwright\chromium-1200\chrome-win64\chrome.exe> version=143.0.7499.4>

    def test_autonomous_flow(browser: Browser):
        # 1. Setup
        context = browser.new_context(viewport={"width": 1920, "height": 1080})
        page = context.new_page()
        page.goto("https://www.saucedemo.com/")
        page.wait_for_load_state("networkidle")
    
        # 2. Logic (using POM)
        login_page = LoginPage(page)
        inventory_page = InventoryPage(page)
    
        login_page.login("standard_user", "secret_sauce")
        expect(page).to_have_url("https://www.saucedemo.com/inventory.html")
    
>       inventory_page.sort_by_price_low_to_high()

projects\demo_complex\test_sauce.py:67: 
_ _ _ _ _ _ _ _ _ _ _ _ _ _ _ _ _ _ _ _ _ _ _ _ _ _ _ _ _ _ _ _ _ _ _ _ _ _ _ _
projects\demo_complex\test_sauce.py:50: in sort_by_price_low_to_high
    self.product_sort_dropdown.select_option(value="price_asc")
..\..\..\..\AppData\Local\Programs\Python\Python311\Lib\site-packages\playwright\sync_api\_generated.py:17636: in select_option
    self._sync(
..\..\..\..\AppData\Local\Programs\Python\Python311\Lib\site-packages\playwright\_impl\_locator.py:597: in select_option
    return await self._frame.select_option(
..\..\..\..\AppData\Local\Programs\Python\Python311\Lib\site-packages\playwright\_impl\_frame.py:781: in select_option
    return await self._channel.send("selectOption", self._timeout, params)
           ^^^^^^^^^^^^^^^^^^^^^^^^^^^^^^^^^^^^^^^^^^^^^^^^^^^^^^^^^^^^^^^
..\..\..\..\AppData\Local\Programs\Python\Python311\Lib\site-packages\playwright\_impl\_connection.py:69: in send
    return await self._connection.wrap_api_call(
_ _ _ _ _ _ _ _ _ _ _ _ _ _ _ _ _ _ _ _ _ _ _ _ _ _ _ _ _ _ _ _ _ _ _ _ _ _ _ _

self = <playwright._impl._connection.Connection object at 0x00000150D7566050>
cb = <function Channel.send.<locals>.<lambda> at 0x00000150D7516480>
is_internal = False, title = None

    async def wrap_api_call(
        self, cb: Callable[[], Any], is_internal: bool = False, title: str = None
    ) -> Any:
        if self._api_zone.get():
            return await cb()
        task = asyncio.current_task(self._loop)
        st: List[inspect.FrameInfo] = getattr(
            task, "__pw_stack__", None
        ) or inspect.stack(0)
    
        parsed_st = _extract_stack_trace_information_from_stack(st, is_internal, title)
        self._api_zone.set(parsed_st)
        try:
            return await cb()
        except Exception as error:
>           raise rewrite_error(error, f"{parsed_st['apiName']}: {error}") from None
E           playwright._impl._errors.TimeoutError: Locator.select_option: Timeout 30000ms exceeded.
E           Call log:
E             - waiting for locator("[data-test='product-sort-container']")
E               - locator resolved to <select class="product_sort_container" data-test="product-sort-container">…</select>
E             - attempting select option action
E               2 × waiting for element to be visible and enabled
E                 - did not find some options
E               - retrying select option action
E               - waiting 20ms
E               2 × waiting for element to be visible and enabled
E                 - did not find some options
E               - retrying select option action
E                 - waiting 100ms
E               58 × waiting for element to be visible and enabled
E                  - did not find some options
E                - retrying select option action
E                  - waiting 500ms

..\..\..\..\AppData\Local\Programs\Python\Python311\Lib\site-packages\playwright\_impl\_connection.py:559: TimeoutError
=========================== short test summary info ===========================
FAILED projects/demo_complex/test_sauce.py::test_autonomous_flow[chromium] - ...
============================= 1 failed in 33.37s ==============================

