============================= test session starts ==============================
platform linux -- Python 3.11.14, pytest-9.0.2, pluggy-1.6.0 -- /opt/hostedtoolcache/Python/3.11.14/x64/bin/python
cachedir: .pytest_cache
metadata: {'Python': '3.11.14', 'Platform': 'Linux-6.11.0-1018-azure-x86_64-with-glibc2.39', 'Packages': {'pytest': '9.0.2', 'pluggy': '1.6.0'}, 'Plugins': {'html': '4.1.1', 'langsmith': '0.6.1', 'base-url': '2.1.0', 'playwright': '0.7.2', 'anyio': '4.12.1', 'metadata': '3.1.1'}, 'CI': 'true', 'JAVA_HOME': '/usr/lib/jvm/temurin-17-jdk-amd64', 'Base URL': ''}
rootdir: /home/runner/work/build_qa_automation/build_qa_automation
plugins: html-4.1.1, langsmith-0.6.1, base-url-2.1.0, playwright-0.7.2, anyio-4.12.1, metadata-3.1.1
collecting ... collected 1 item

projects/core_magento/tests/test_main.py::test_autonomous_flow[chromium] FAILED

=================================== FAILURES ===================================
________________________ test_autonomous_flow[chromium] ________________________

page = <Page url='https://magento.softwaretestingboard.com/'>

    def test_autonomous_flow(page: Page):
        # 1. Setup
        page.goto("https://magento.softwaretestingboard.com/")
        page.wait_for_load_state("networkidle")
    
        # 2. Assertion
>       expect(page).to_have_title(re.compile(".*Magento.*", re.IGNORECASE))
                                   ^^
E       NameError: name 're' is not defined

projects/core_magento/tests/test_main.py:11: NameError
=========================== short test summary info ============================
FAILED projects/core_magento/tests/test_main.py::test_autonomous_flow[chromium] - NameError: name 're' is not defined
============================== 1 failed in 1.34s ===============================

