============================= test session starts =============================
platform win32 -- Python 3.11.9, pytest-9.0.2, pluggy-1.6.0 -- C:\Users\vishv\AppData\Local\Programs\Python\Python311\python.exe
cachedir: .pytest_cache
rootdir: C:\Users\vishv\.gemini\antigravity\playground\inner-event
plugins: anyio-4.12.0, langsmith-0.5.2, base-url-2.1.0, playwright-0.7.2
collecting ... collected 1 item

projects/verify_custom_ultrafast/tests/test_main.py::test_autonomous_flow[chromium] FAILED

================================== FAILURES ===================================
_______________________ test_autonomous_flow[chromium] ________________________

browser = <Browser type=<BrowserType name=chromium executable_path=C:\Users\vishv\AppData\Local\ms-playwright\chromium-1200\chrome-win64\chrome.exe> version=143.0.7499.4>

    def test_autonomous_flow(browser: Browser):
        page = browser.new_page()
        login_page = LoginPage(page)
        home_page = HomePage(page)
    
        login_page.navigate("https://demo.applitools.com/app.html")
>       login_page.login("test", "test")

projects\verify_custom_ultrafast\tests\test_main.py:50: 
_ _ _ _ _ _ _ _ _ _ _ _ _ _ _ _ _ _ _ _ _ _ _ _ _ _ _ _ _ _ _ _ _ _ _ _ _ _ _ _
projects\verify_custom_ultrafast\tests\test_main.py:31: in login
    self.username_field.fill(username)
..\..\..\..\AppData\Local\Programs\Python\Python311\Lib\site-packages\playwright\sync_api\_generated.py:15989: in fill
    self._sync(
..\..\..\..\AppData\Local\Programs\Python\Python311\Lib\site-packages\playwright\_impl\_locator.py:215: in fill
    return await self._frame.fill(self._selector, strict=True, **params)
           ^^^^^^^^^^^^^^^^^^^^^^^^^^^^^^^^^^^^^^^^^^^^^^^^^^^^^^^^^^^^^
..\..\..\..\AppData\Local\Programs\Python\Python311\Lib\site-packages\playwright\_impl\_frame.py:607: in fill
    await self._fill(**locals_to_params(locals()))
..\..\..\..\AppData\Local\Programs\Python\Python311\Lib\site-packages\playwright\_impl\_frame.py:619: in _fill
    await self._channel.send("fill", self._timeout, locals_to_params(locals()))
..\..\..\..\AppData\Local\Programs\Python\Python311\Lib\site-packages\playwright\_impl\_connection.py:69: in send
    return await self._connection.wrap_api_call(
_ _ _ _ _ _ _ _ _ _ _ _ _ _ _ _ _ _ _ _ _ _ _ _ _ _ _ _ _ _ _ _ _ _ _ _ _ _ _ _

self = <playwright._impl._connection.Connection object at 0x000001EBA133CD90>
cb = <function Channel.send.<locals>.<lambda> at 0x000001EBA130AF20>
is_internal = False, title = None

    async def wrap_api_call(
        self, cb: Callable[[], Any], is_internal: bool = False, title: str = None
    ) -> Any:
        if self._api_zone.get():
            return await cb()
        task = asyncio.current_task(self._loop)
        st: List[inspect.FrameInfo] = getattr(
            task, "__pw_stack__", None
        ) or inspect.stack(0)
    
        parsed_st = _extract_stack_trace_information_from_stack(st, is_internal, title)
        self._api_zone.set(parsed_st)
        try:
            return await cb()
        except Exception as error:
>           raise rewrite_error(error, f"{parsed_st['apiName']}: {error}") from None
E           playwright._impl._errors.TimeoutError: Locator.fill: Timeout 30000ms exceeded.
E           Call log:
E             - waiting for locator("[data-test='username']")

..\..\..\..\AppData\Local\Programs\Python\Python311\Lib\site-packages\playwright\_impl\_connection.py:559: TimeoutError
=========================== short test summary info ===========================
FAILED projects/verify_custom_ultrafast/tests/test_main.py::test_autonomous_flow[chromium]
============================= 1 failed in 32.36s ==============================

