============================= test session starts =============================
platform win32 -- Python 3.11.9, pytest-9.0.2, pluggy-1.6.0 -- C:\Users\vishv\AppData\Local\Programs\Python\Python311\python.exe
cachedir: .pytest_cache
rootdir: C:\Users\vishv\.gemini\antigravity\playground\inner-event
plugins: anyio-4.12.0, langsmith-0.5.2, base-url-2.1.0, playwright-0.7.2
collecting ... collected 1 item

projects/verify_stress_sauce/tests/e2e/test_main.py::test_autonomous_flow[chromium] ü§ñ Executing fill on: <Locator frame=<Frame name= url='https://www.saucedemo.com/'> selector="[data-test='username']">
ü§ñ Executing fill on: <Locator frame=<Frame name= url='https://www.saucedemo.com/'> selector="[data-test='password']">
ü§ñ Executing click on: <Locator frame=<Frame name= url='https://www.saucedemo.com/'> selector="[data-test='login-button']">
ü§ñ Executing click on: <Locator frame=<Frame name= url='https://www.saucedemo.com/inventory.html'> selector="[data-test='product-sort-container']">
ü§ñ Executing click on: <Locator frame=<Frame name= url='https://www.saucedemo.com/inventory.html'> selector='internal:role=option[name="Name (Z to A)"i]'>
‚ö†Ô∏è Visibility/Stability issue. Forcing action.
üöë Healing triggered for: <Locator frame=<Frame name= url='https://www.saucedemo.com/inventory.html'> selector='internal:role=option[name="Name (Z to A)"i]'> (Reason: Locator.click: Element is not visible
Call log:
  - waiting for get_by_role("option", name="Name (Z )
   üöë Clearing blocking overlays...
üîç Searching for fallback with keyword: 'https://www.saucedemo.com/inventory.html'
‚ùå Healing failed: Locator.count: InvalidSelectorError: Error while parsing selector `button[name=/https://www.saucedemo.com/inventory.html/i]` - unexpected symbol "/" at position 20 during parsing attribute value
    at syntaxError (<anonymous>:1693:11)
    at readAttribute (<anonymous>:1825:7)
    at parseAttributeSelector (<anonymous>:1838:28)
    at Object.queryAll (<anonymous>:4942:22)
    at InjectedScript._queryEngineAll (<anonymous>:6789:49)
    at InjectedScript.querySelectorAll (<anonymous>:6776:30)
    at eval (eval at evaluate (:290:30), <anonymous>:2:23)
    at UtilityScript.evaluate (<anonymous>:292:16)
    at UtilityScript.<anonymous> (<anonymous>:1:44)
‚ùå Final failure for action 'click' on '<Locator frame=<Frame name= url='https://www.saucedemo.com/inventory.html'> selector='internal:role=option[name="Name (Z to A)"i]'>'
FAILED

================================== FAILURES ===================================
_______________________ test_autonomous_flow[chromium] ________________________

browser = <Browser type=<BrowserType name=chromium executable_path=C:\Users\vishv\AppData\Local\ms-playwright\chromium-1200\chrome-win64\chrome.exe> version=143.0.7499.4>

    def test_autonomous_flow(browser: Browser):
        # 1. Setup
        context = browser.new_context(viewport={"width": 1920, "height": 1080})
        page = context.new_page()
        page.goto("https://www.saucedemo.com/")
        wait_for_stability(page)
    
        # 2. Logic (using POM)
        login_page = LoginPage(page)
        inventory_page = InventoryPage(page)
        login_page.login("standard_user", "secret_sauce")
>       inventory_page.sort_by_name_z_to_a()

projects\verify_stress_sauce\tests\e2e\test_main.py:67: 
_ _ _ _ _ _ _ _ _ _ _ _ _ _ _ _ _ _ _ _ _ _ _ _ _ _ _ _ _ _ _ _ _ _ _ _ _ _ _ _
projects\verify_stress_sauce\tests\e2e\test_main.py:50: in sort_by_name_z_to_a
    smart_action(self.page, self.page.get_by_role("option", name="Name (Z to A)"), "click")
core\templates\helpers.py:149: in smart_action
    raise e
core\templates\helpers.py:77: in smart_action
    loc.click(force=True, timeout=5000)
..\..\..\..\AppData\Local\Programs\Python\Python311\Lib\site-packages\playwright\sync_api\_generated.py:15637: in click
    self._sync(
..\..\..\..\AppData\Local\Programs\Python\Python311\Lib\site-packages\playwright\_impl\_locator.py:162: in click
    return await self._frame._click(self._selector, strict=True, **params)
           ^^^^^^^^^^^^^^^^^^^^^^^^^^^^^^^^^^^^^^^^^^^^^^^^^^^^^^^^^^^^^^^
..\..\..\..\AppData\Local\Programs\Python\Python311\Lib\site-packages\playwright\_impl\_frame.py:566: in _click
    await self._channel.send("click", self._timeout, locals_to_params(locals()))
..\..\..\..\AppData\Local\Programs\Python\Python311\Lib\site-packages\playwright\_impl\_connection.py:69: in send
    return await self._connection.wrap_api_call(
_ _ _ _ _ _ _ _ _ _ _ _ _ _ _ _ _ _ _ _ _ _ _ _ _ _ _ _ _ _ _ _ _ _ _ _ _ _ _ _

self = <playwright._impl._connection.Connection object at 0x0000014F915B2B90>
cb = <function Channel.send.<locals>.<lambda> at 0x0000014F91592D40>
is_internal = False, title = None

    async def wrap_api_call(
        self, cb: Callable[[], Any], is_internal: bool = False, title: str = None
    ) -> Any:
        if self._api_zone.get():
            return await cb()
        task = asyncio.current_task(self._loop)
        st: List[inspect.FrameInfo] = getattr(
            task, "__pw_stack__", None
        ) or inspect.stack(0)
    
        parsed_st = _extract_stack_trace_information_from_stack(st, is_internal, title)
        self._api_zone.set(parsed_st)
        try:
            return await cb()
        except Exception as error:
>           raise rewrite_error(error, f"{parsed_st['apiName']}: {error}") from None
E           playwright._impl._errors.Error: Locator.click: Element is not visible
E           Call log:
E             - waiting for get_by_role("option", name="Name (Z to A)")
E               - locator resolved to <option value="za">Name (Z to A)</option>
E             - attempting click action
E               - scrolling into view if needed

..\..\..\..\AppData\Local\Programs\Python\Python311\Lib\site-packages\playwright\_impl\_connection.py:559: Error
=========================== short test summary info ===========================
FAILED projects/verify_stress_sauce/tests/e2e/test_main.py::test_autonomous_flow[chromium]
============================= 1 failed in 13.62s ==============================

