ğŸš€ Starting autonomous test for https://react-shopping-cart-67954.firebaseapp.com/
Both GOOGLE_API_KEY and GEMINI_API_KEY are set. Using GOOGLE_API_KEY.
Both GOOGLE_API_KEY and GEMINI_API_KEY are set. Using GOOGLE_API_KEY.
Both GOOGLE_API_KEY and GEMINI_API_KEY are set. Using GOOGLE_API_KEY.
Both GOOGLE_API_KEY and GEMINI_API_KEY are set. Using GOOGLE_API_KEY.
ğŸ¤– CI Environment detected: Forcing Headless Mode
ğŸš€ Explorer: Starting Strategy 2026. Goal: Autonomous smoke test: Navigate site, explore main features, verify key elements

--- Step 1 ---
ğŸ” Mining Page (2026 Strategy): https://react-shopping-cart-67954.firebaseapp.com/
ğŸ“ On Page: React Shopping Cart
ğŸ¤” State: dashboard
ğŸ“¡ Sending 56 elements to the Planner...
ğŸ’­ Thought: The goal is to navigate and explore the site, and verify key elements. I'll start by adding an item to the cart to see if the cart updates. I will click on the first 'Add to cart' button to add the item.
   âœ¨ Refined: page.get_by_role("button", { name: "Add to cart" })
ğŸ–±ï¸ Clicking ID=23 (Add to cart)
ğŸ’¾ Trace saved to projects/https___react_shopping_cart_67954_firebaseapp_com__regression/outputs/trace.json
ğŸ’¾ Passive Collection: 56 elements saved.

--- Step 2 ---
ğŸ” Mining Page (2026 Strategy): https://react-shopping-cart-67954.firebaseapp.com/
ğŸ“ On Page: React Shopping Cart
ğŸ¤” State: dashboard
ğŸ“¡ Sending 59 elements to the Planner...
ğŸ’­ Thought: The goal is to perform a smoke test by navigating and exploring the site's main features. The previous action added an item to the cart. Now, I will add another item to the cart to explore that functionality.
   âœ¨ Refined: page.get_by_role("button", { name: "Add to cart" })
ğŸ–±ï¸ Clicking ID=25 (Add to cart)
ğŸ’¾ Trace saved to projects/https___react_shopping_cart_67954_firebaseapp_com__regression/outputs/trace.json
ğŸ’¾ Passive Collection: 59 elements saved.

--- Step 3 ---
ğŸ” Mining Page (2026 Strategy): https://react-shopping-cart-67954.firebaseapp.com/
ğŸ“ On Page: React Shopping Cart
ğŸ¤” State: dashboard
ğŸ“¡ Sending 62 elements to the Planner...
ğŸ’­ Thought: The goal is to perform a smoke test, which involves navigating the site, exploring the main features, and verifying key elements. I have added two items to the cart already. Now, I will add one more item to the cart.
   âœ¨ Refined: page.get_by_role("button", { name: "Add to cart" })
ğŸ–±ï¸ Clicking ID=27 (Add to cart)
   ğŸ‘‰ Locator failed. Using coordinate fallback.
ğŸ’¾ Trace saved to projects/https___react_shopping_cart_67954_firebaseapp_com__regression/outputs/trace.json
ğŸ’¾ Passive Collection: 62 elements saved.

--- Step 4 ---
ğŸ” Mining Page (2026 Strategy): https://react-shopping-cart-67954.firebaseapp.com/
ğŸ“ On Page: React Shopping Cart
ğŸ¤” State: dashboard
ğŸ“¡ Sending 62 elements to the Planner...
ğŸ’­ Thought: I have added 3 items to the cart. Now I will proceed to checkout
   âœ¨ Refined: page.get_by_role("button", { name: "CHECKOUT" })
ğŸ–±ï¸ Clicking ID=62 (CHECKOUT)
ğŸ’¾ Trace saved to projects/https___react_shopping_cart_67954_firebaseapp_com__regression/outputs/trace.json
ğŸ’¾ Passive Collection: 62 elements saved.

--- Step 5 ---
ğŸ” Mining Page (2026 Strategy): https://react-shopping-cart-67954.firebaseapp.com/
ğŸ“ On Page: React Shopping Cart
ğŸ¤” State: dashboard
ğŸ“¡ Sending 62 elements to the Planner...
ğŸ’­ Thought: The goal is to navigate the site, explore the main features, and verify the key elements. I've already added items to the cart and clicked checkout. Now I need to figure out where the checkout button leads and explore other features if present, otherwise conclude the test.
âœ… Goal Achieved!
ğŸ’¾ Trace saved to projects/https___react_shopping_cart_67954_firebaseapp_com__regression/outputs/trace.json
  File "/home/runner/work/build_qa_automation/build_qa_automation/core/refiner.py", line 71
    - Syntax: `smart_action(page, """playwright_locator_string""", "action_type", value="optional_value")`
                                     ^^^^^^^^^^^^^^^^^^^^^^^^^
SyntaxError: invalid syntax
Both GOOGLE_API_KEY and GEMINI_API_KEY are set. Using GOOGLE_API_KEY.
ğŸš€ Triggering agent with config: /home/runner/work/build_qa_automation/build_qa_automation/projects/https___react_shopping_cart_67954_firebaseapp_com__regression/config.json
ğŸš€ Starting Autonomous Pipeline for https___react_shopping_cart_67954_firebaseapp_com__regression...

[Step 0/7] ğŸ“‹ Strategic Test Planning...
âš ï¸ Pre-Planning Failed: attempted relative import with no known parent package
ğŸ“ Failure logged to knowledge/failures.json

[Step 1/7] ğŸ—ºï¸  Exploring & Mining (Plan-Guided)...

[Step 2/7] ğŸ“– Updating Knowledge Bank...
ğŸ“– Knowledge Bank updated for react-shopping-cart-67954.firebaseapp.com

[Step 3/7] ğŸ’» Generating Robust Code...
âŒ Code Generation Failed!
ğŸ“ Failure logged to knowledge/failures.json
âœ… POM Structure generated: projects/https___react_shopping_cart_67954_firebaseapp_com__regression/outputs/pom_structure.json
{
  "base_url": "https://react-shopping-cart-67954.firebaseapp.com/",
  "workflow": "Autonomous smoke test: Navigate site, explore main features, verify key elements",
  "pages": [
    {
      "name": "HomePage",
      "url": "/",
      "locators": [
        {
          "name": "add_to_cart_button",
          "selector": "get_by_role(\"button\", name=\"Add to cart\")",
          "element": {
            "tag": "button",
            "text": "Add to cart",
            "role": ""
          }
        }
      ],
      "actions": [
        {
          "name": "click_add_to_cart_button",
          "steps": [
            {
              "step": 0,
              "action": "click",
              "locator_name": "add_to_cart_button",
              "value": null,
              "thought": "The goal is to navigate and explore the site, and verify key elements. I'll start by adding an item to the cart to see if the cart updates. I will click on the first 'Add to cart' button to add the item."
            }
          ],
          "params": ""
        },
        {
          "name": "click_add_to_cart_button",
          "steps": [
            {
              "step": 1,
              "action": "click",
              "locator_name": "add_to_cart_button",
              "value": null,
              "thought": "The goal is to perform a smoke test by navigating and exploring the site's main features. The previous action added an item to the cart. Now, I will add another item to the cart to explore that functionality."
            }
          ],
          "params": ""
        },
        {
          "name": "click_add_to_cart_button",
          "steps": [
            {
              "step": 2,
              "action": "click",
              "locator_name": "add_to_cart_button",
              "value": null,
              "thought": "The goal is to perform a smoke test, which involves navigating the site, exploring the main features, and verifying key elements. I have added two items to the cart already. Now, I will add one more item to the cart."
            }
          ],
          "params": ""
        },
        {
          "name": "click_add_to_cart_button",
          "steps": [
            {
              "step": 3,
              "action": "click",
              "locator_name": "add_to_cart_button",
              "value": null,
              "thought": "I have added 3 items to the cart. Now I will proceed to checkout"
            }
          ],
          "params": ""
        }
      ]
    }
  ],
  "tests": [
    {
      "name": "test_workflow_execution",
      "description": "Autonomous smoke test: Navigate site, explore main features, verify key elements",
      "steps_description": [
        "The goal is to navigate and explore the site, and verify key elements. I'll start by adding an item to the cart to see if the cart updates. I will click on the first 'Add to cart' button to add the item.",
        "The goal is to perform a smoke test by navigating and exploring the site's main features. The previous action added an item to the cart. Now, I will add another item to the cart to explore that functionality.",
        "The goal is to perform a smoke test, which involves navigating the site, exploring the main features, and verifying key elements. I have added two items to the cart already. Now, I will add one more item to the cart.",
        "I have added 3 items to the cart. Now I will proceed to checkout"
      ],
      "page_objects": [
        {
          "class_name": "HomePage",
          "var_name": "home_page",
          "goto": true,
          "description": "Page object for Home"
        }
      ],
      "actions": [
        {
          "code": "home_page.click_add_to_cart_button()",
          "comment": "The goal is to navigate and explore the site, and verify key"
        },
        {
          "code": "home_page.click_add_to_cart_button()",
          "comment": "The goal is to perform a smoke test by navigating and explor"
        },
        {
          "code": "home_page.click_add_to_cart_button()",
          "comment": "The goal is to perform a smoke test, which involves navigati"
        },
        {
          "code": "home_page.click_add_to_cart_button()",
          "comment": "I have added 3 items to the cart. Now I will proceed to chec"
        }
      ],
      "assertions": [
        {
          "code": "expect(page).to_have_url(re.compile(\".*\"))",
          "comment": "Verify page navigation successful"
        }
      ]
    }
  ]
}
âœ… Generated: projects/https___react_shopping_cart_67954_firebaseapp_com__regression/pages/base_page.py
âœ… Generated: projects/https___react_shopping_cart_67954_firebaseapp_com__regression/pages/home_page.py
âœ… Generated: projects/https___react_shopping_cart_67954_firebaseapp_com__regression/pages/__init__.py
âœ… Generated: projects/https___react_shopping_cart_67954_firebaseapp_com__regression/tests/e2e/test_main.py

ğŸ‰ POM Generation Complete!
ğŸ“ Pages: 1 files
ğŸ“ Tests: 1 files
============================= test session starts ==============================
platform linux -- Python 3.11.14, pytest-9.0.2, pluggy-1.6.0 -- /opt/hostedtoolcache/Python/3.11.14/x64/bin/python
cachedir: .pytest_cache
metadata: {'Python': '3.11.14', 'Platform': 'Linux-6.11.0-1018-azure-x86_64-with-glibc2.39', 'Packages': {'pytest': '9.0.2', 'pluggy': '1.6.0'}, 'Plugins': {'html': '4.1.1', 'base-url': '2.1.0', 'anyio': '4.12.0', 'playwright': '0.7.2', 'metadata': '3.1.1', 'langsmith': '0.6.0'}, 'CI': 'true', 'JAVA_HOME': '/usr/lib/jvm/temurin-17-jdk-amd64', 'Base URL': ''}
rootdir: /home/runner/work/build_qa_automation/build_qa_automation
plugins: html-4.1.1, base-url-2.1.0, anyio-4.12.0, playwright-0.7.2, metadata-3.1.1, langsmith-0.6.0
collecting ... collected 1 item

projects/https___react_shopping_cart_67954_firebaseapp_com__regression/tests/e2e/test_main.py::test_workflow_execution[chromium] FAILED [100%]

=================================== FAILURES ===================================
______________________ test_workflow_execution[chromium] _______________________

page = <Page url='https://react-shopping-cart-67954.firebaseapp.com/'>

    def test_workflow_execution(page: Page):
        """
        Autonomous smoke test: Navigate site, explore main features, verify key elements
    
        Test Steps:
    
        1. The goal is to navigate and explore the site, and verify key elements. I'll start by adding an item to the cart to see if the cart updates. I will click on the first 'Add to cart' button to add the item.
    
        2. The goal is to perform a smoke test by navigating and exploring the site's main features. The previous action added an item to the cart. Now, I will add another item to the cart to explore that functionality.
    
        3. The goal is to perform a smoke test, which involves navigating the site, exploring the main features, and verifying key elements. I have added two items to the cart already. Now, I will add one more item to the cart.
    
        4. I have added 3 items to the cart. Now I will proceed to checkout
    
        """
        # ==================== ARRANGE ====================
        # Initialize page objects
    
        home_page = HomePage(page)  # Page object for Home
    
    
    
        # ==================== ACT ====================
        # Execute workflow actions
    
>       home_page.click_add_to_cart_button()  # The goal is to navigate and explore the site, and verify key
        ^^^^^^^^^^^^^^^^^^^^^^^^^^^^^^^^^^^^

projects/https___react_shopping_cart_67954_firebaseapp_com__regression/tests/e2e/test_main.py:50: 
_ _ _ _ _ _ _ _ _ _ _ _ _ _ _ _ _ _ _ _ _ _ _ _ _ _ _ _ _ _ _ _ _ _ _ _ _ _ _ _ 
projects/https___react_shopping_cart_67954_firebaseapp_com__regression/pages/home_page.py:67: in click_add_to_cart_button
    self.do_click(self.add_to_cart_button)  # Click add_to_cart_button
    ^^^^^^^^^^^^^^^^^^^^^^^^^^^^^^^^^^^^^^
projects/https___react_shopping_cart_67954_firebaseapp_com__regression/pages/base_page.py:20: in do_click
    locator.click(timeout=5000) # Fast fail first
    ^^^^^^^^^^^^^^^^^^^^^^^^^^^
/opt/hostedtoolcache/Python/3.11.14/x64/lib/python3.11/site-packages/playwright/sync_api/_generated.py:15637: in click
    self._sync(
/opt/hostedtoolcache/Python/3.11.14/x64/lib/python3.11/site-packages/playwright/_impl/_locator.py:162: in click
    return await self._frame._click(self._selector, strict=True, **params)
           ^^^^^^^^^^^^^^^^^^^^^^^^^^^^^^^^^^^^^^^^^^^^^^^^^^^^^^^^^^^^^^^
/opt/hostedtoolcache/Python/3.11.14/x64/lib/python3.11/site-packages/playwright/_impl/_frame.py:566: in _click
    await self._channel.send("click", self._timeout, locals_to_params(locals()))
/opt/hostedtoolcache/Python/3.11.14/x64/lib/python3.11/site-packages/playwright/_impl/_connection.py:69: in send
    return await self._connection.wrap_api_call(
_ _ _ _ _ _ _ _ _ _ _ _ _ _ _ _ _ _ _ _ _ _ _ _ _ _ _ _ _ _ _ _ _ _ _ _ _ _ _ _ 

self = <playwright._impl._connection.Connection object at 0x7f9215d689d0>
cb = <function Channel.send.<locals>.<lambda> at 0x7f921580f2e0>
is_internal = False, title = None

    async def wrap_api_call(
        self, cb: Callable[[], Any], is_internal: bool = False, title: str = None
    ) -> Any:
        if self._api_zone.get():
            return await cb()
        task = asyncio.current_task(self._loop)
        st: List[inspect.FrameInfo] = getattr(
            task, "__pw_stack__", None
        ) or inspect.stack(0)
    
        parsed_st = _extract_stack_trace_information_from_stack(st, is_internal, title)
        self._api_zone.set(parsed_st)
        try:
            return await cb()
        except Exception as error:
>           raise rewrite_error(error, f"{parsed_st['apiName']}: {error}") from None
E           playwright._impl._errors.Error: Locator.click: Error: strict mode violation: get_by_role("button", name="Add to cart") resolved to 16 elements:
E               1) <button tabindex="-1" class="sc-124al1g-0 jCsgpZ">Add to cart</button> aka get_by_role("button", name="Add to cart").first
E               2) <button tabindex="-1" class="sc-124al1g-0 jCsgpZ">Add to cart</button> aka get_by_role("button", name="Add to cart").nth(1)
E               3) <button tabindex="-1" class="sc-124al1g-0 jCsgpZ">Add to cart</button> aka get_by_role("button", name="Add to cart").nth(2)
E               4) <button tabindex="-1" class="sc-124al1g-0 jCsgpZ">Add to cart</button> aka get_by_role("button", name="Add to cart").nth(3)
E               5) <button tabindex="-1" class="sc-124al1g-0 jCsgpZ">Add to cart</button> aka get_by_role("button", name="Add to cart").nth(4)
E               6) <button tabindex="-1" class="sc-124al1g-0 jCsgpZ">Add to cart</button> aka get_by_role("button", name="Add to cart").nth(5)
E               7) <button tabindex="-1" class="sc-124al1g-0 jCsgpZ">Add to cart</button> aka locator(".sc-124al1g-2.ekOVCH > .sc-124al1g-0")
E               8) <button tabindex="-1" class="sc-124al1g-0 jCsgpZ">Add to cart</button> aka locator(".sc-124al1g-2.ctLSpw > .sc-124al1g-0")
E               9) <button tabindex="-1" class="sc-124al1g-0 jCsgpZ">Add to cart</button> aka locator(".sc-124al1g-2.fGSBPC > .sc-124al1g-0")
E               10) <button tabindex="-1" class="sc-124al1g-0 jCsgpZ">Add to cart</button> aka locator(".sc-124al1g-2.jngQVM > .sc-124al1g-0")
E               ...
E           
E           Call log:
E             - waiting for get_by_role("button", name="Add to cart")

/opt/hostedtoolcache/Python/3.11.14/x64/lib/python3.11/site-packages/playwright/_impl/_connection.py:559: Error
- Generated html report: file:///home/runner/work/build_qa_automation/build_qa_automation/projects/https___react_shopping_cart_67954_firebaseapp_com__regression/outputs/pytest_report.html -
=========================== short test summary info ============================
FAILED projects/https___react_shopping_cart_67954_firebaseapp_com__regression/tests/e2e/test_main.py::test_workflow_execution[chromium] - playwright._impl._errors.Error: Locator.click: Error: strict mode violation: get_by_role("button", name="Add to cart") resolved to 16 elements:
    1) <button tabindex="-1" class="sc-124al1g-0 jCsgpZ">Add to cart</button> aka get_by_role("button", name="Add to cart").first
    2) <button tabindex="-1" class="sc-124al1g-0 jCsgpZ">Add to cart</button> aka get_by_role("button", name="Add to cart").nth(1)
    3) <button tabindex="-1" class="sc-124al1g-0 jCsgpZ">Add to cart</button> aka get_by_role("button", name="Add to cart").nth(2)
    4) <button tabindex="-1" class="sc-124al1g-0 jCsgpZ">Add to cart</button> aka get_by_role("button", name="Add to cart").nth(3)
    5) <button tabindex="-1" class="sc-124al1g-0 jCsgpZ">Add to cart</button> aka get_by_role("button", name="Add to cart").nth(4)
    6) <button tabindex="-1" class="sc-124al1g-0 jCsgpZ">Add to cart</button> aka get_by_role("button", name="Add to cart").nth(5)
    7) <button tabindex="-1" class="sc-124al1g-0 jCsgpZ">Add to cart</button> aka locator(".sc-124al1g-2.ekOVCH > .sc-124al1g-0")
    8) <button tabindex="-1" class="sc-124al1g-0 jCsgpZ">Add to cart</button> aka locator(".sc-124al1g-2.ctLSpw > .sc-124al1g-0")
    9) <button tabindex="-1" class="sc-124al1g-0 jCsgpZ">Add to cart</button> aka locator(".sc-124al1g-2.fGSBPC > .sc-124al1g-0")
    10) <button tabindex="-1" class="sc-124al1g-0 jCsgpZ">Add to cart</button> aka locator(".sc-124al1g-2.jngQVM > .sc-124al1g-0")
    ...

Call log:
  - waiting for get_by_role("button", name="Add to cart")
============================== 1 failed in 0.92s ===============================
