ğŸš€ Starting autonomous test for https://www.zendesk.com/
Both GOOGLE_API_KEY and GEMINI_API_KEY are set. Using GOOGLE_API_KEY.
Both GOOGLE_API_KEY and GEMINI_API_KEY are set. Using GOOGLE_API_KEY.
Both GOOGLE_API_KEY and GEMINI_API_KEY are set. Using GOOGLE_API_KEY.
Both GOOGLE_API_KEY and GEMINI_API_KEY are set. Using GOOGLE_API_KEY.
ğŸ¤– CI Environment detected: Forcing Headless Mode
ğŸš€ Explorer: Starting Strategy 2026. Goal: Autonomous smoke test: Navigate site, explore main features, verify key elements

--- Step 1 ---
ğŸ” Mining Page (2026 Strategy): https://www.zendesk.com/
ğŸ“ On Page: Zendesk Home Page
ğŸ¤” State: login_screen
ğŸ“¡ Sending 342 elements to the Planner...
ğŸ’­ Thought: The goal is to navigate the site and explore the main features. I am on the Zendesk home page which is also a login screen. I do not have credentials, so I will explore the 'Pricing' page.
   âœ¨ Refined: page.get_by_role("link", { name: "Pricing" })
ğŸ–±ï¸ Clicking ID=24 (Pricing)
ğŸ’¾ Trace saved to projects/https___www_zendesk_com__regression/outputs/trace.json
ğŸ’¾ Passive Collection: 342 elements saved.

--- Step 2 ---
ğŸ” Mining Page (2026 Strategy): https://www.zendesk.com/pricing/
ğŸ“ On Page: Zendesk Pricing Page
ğŸ¤” State: login_screen
ğŸ“¡ Sending 168 elements to the Planner...
ğŸ’­ Thought: I am on the pricing page. The goal is to navigate the site and explore main features. Since I'm already on the Pricing page, I will navigate to another main feature. I will try clicking the 'Contact us' link in the header.
   âš ï¸ Refinement timeout/error: Locator.evaluate: Timeout 5000ms exceeded.
Call lo...
   âœ¨ Refined: page.get_by_text('Contact us')
ğŸ–±ï¸ Clicking ID=6 (Contact us)
   ğŸ‘‰ Locator failed. Using coordinate fallback.
ğŸ’¾ Trace saved to projects/https___www_zendesk_com__regression/outputs/trace.json
ğŸ’¾ Passive Collection: 168 elements saved.

--- Step 3 ---
ğŸ” Mining Page (2026 Strategy): https://www.zendesk.com/pricing/
   âš ï¸ Error mining main frame: Page.evaluate: Execution context was destroyed, most likely because of a navigation
ğŸ“ On Page: Zendesk Pricing
ğŸ¤” State: marketing_page
ğŸ“¡ Sending 0 elements to the Planner...
ğŸ’­ Thought: I have already clicked on 'Pricing' and 'Contact us'. There are no more elements available on the page to interact with. Therefore, I will mark the goal as achieved.
âœ… Goal Achieved!
ğŸ’¾ Trace saved to projects/https___www_zendesk_com__regression/outputs/trace.json
  File "/home/runner/work/build_qa_automation/build_qa_automation/core/refiner.py", line 71
    - Syntax: `smart_action(page, """playwright_locator_string""", "action_type", value="optional_value")`
                                     ^^^^^^^^^^^^^^^^^^^^^^^^^
SyntaxError: invalid syntax
Both GOOGLE_API_KEY and GEMINI_API_KEY are set. Using GOOGLE_API_KEY.
ğŸš€ Triggering agent with config: /home/runner/work/build_qa_automation/build_qa_automation/projects/https___www_zendesk_com__regression/config.json
ğŸš€ Starting Autonomous Pipeline for https___www_zendesk_com__regression...

[Step 0/7] ğŸ“‹ Strategic Test Planning...
âš ï¸ Pre-Planning Failed: attempted relative import with no known parent package
ğŸ“ Failure logged to knowledge/failures.json

[Step 1/7] ğŸ—ºï¸  Exploring & Mining (Plan-Guided)...

[Step 2/7] ğŸ“– Updating Knowledge Bank...
ğŸ“– Knowledge Bank updated for www.zendesk.com

[Step 3/7] ğŸ’» Generating Robust Code...
âŒ Code Generation Failed!
ğŸ“ Failure logged to knowledge/failures.json
âœ… POM Structure generated: projects/https___www_zendesk_com__regression/outputs/pom_structure.json
{
  "base_url": "https://www.zendesk.com/",
  "workflow": "Autonomous smoke test: Navigate site, explore main features, verify key elements",
  "pages": [
    {
      "name": "PricingPage",
      "url": "/pricing/",
      "locators": [
        {
          "name": "pricing_link",
          "selector": "get_by_role(\"link\", name=\"Pricing\")",
          "element": {
            "tag": "a",
            "text": "Pricing",
            "role": ""
          }
        },
        {
          "name": "contact_us_link",
          "selector": "get_by_text('Contact us')",
          "element": {
            "tag": "a",
            "text": "Contact us",
            "role": ""
          }
        }
      ],
      "actions": [
        {
          "name": "click_pricing_link",
          "steps": [
            {
              "step": 0,
              "action": "click",
              "locator_name": "pricing_link",
              "value": null,
              "thought": "The goal is to navigate the site and explore the main features. I am on the Zendesk home page which is also a login screen. I do not have credentials, so I will explore the 'Pricing' page."
            }
          ],
          "params": ""
        },
        {
          "name": "click_contact_us_link",
          "steps": [
            {
              "step": 1,
              "action": "click",
              "locator_name": "contact_us_link",
              "value": null,
              "thought": "I am on the pricing page. The goal is to navigate the site and explore main features. Since I'm already on the Pricing page, I will navigate to another main feature. I will try clicking the 'Contact us' link in the header."
            }
          ],
          "params": ""
        }
      ]
    }
  ],
  "tests": [
    {
      "name": "test_workflow_execution",
      "description": "Autonomous smoke test: Navigate site, explore main features, verify key elements",
      "steps_description": [
        "The goal is to navigate the site and explore the main features. I am on the Zendesk home page which is also a login screen. I do not have credentials, so I will explore the 'Pricing' page.",
        "I am on the pricing page. The goal is to navigate the site and explore main features. Since I'm already on the Pricing page, I will navigate to another main feature. I will try clicking the 'Contact us' link in the header."
      ],
      "page_objects": [
        {
          "class_name": "PricingPage",
          "var_name": "pricing_page",
          "goto": true,
          "description": "Page object for Pricing"
        }
      ],
      "actions": [
        {
          "code": "pricing_page.click_pricing_link()",
          "comment": "The goal is to navigate the site and explore the main featur"
        },
        {
          "code": "pricing_page.click_contact_us_link()",
          "comment": "I am on the pricing page. The goal is to navigate the site a"
        }
      ],
      "assertions": [
        {
          "code": "expect(page).to_have_url(re.compile(\".*\"))",
          "comment": "Verify page navigation successful"
        }
      ]
    }
  ]
}
âœ… Generated: projects/https___www_zendesk_com__regression/pages/base_page.py
âœ… Generated: projects/https___www_zendesk_com__regression/pages/pricing_page.py
âœ… Generated: projects/https___www_zendesk_com__regression/pages/__init__.py
âœ… Generated: projects/https___www_zendesk_com__regression/tests/e2e/test_main.py

ğŸ‰ POM Generation Complete!
ğŸ“ Pages: 1 files
ğŸ“ Tests: 1 files
============================= test session starts ==============================
platform linux -- Python 3.11.14, pytest-9.0.2, pluggy-1.6.0 -- /opt/hostedtoolcache/Python/3.11.14/x64/bin/python
cachedir: .pytest_cache
metadata: {'Python': '3.11.14', 'Platform': 'Linux-6.11.0-1018-azure-x86_64-with-glibc2.39', 'Packages': {'pytest': '9.0.2', 'pluggy': '1.6.0'}, 'Plugins': {'html': '4.1.1', 'base-url': '2.1.0', 'anyio': '4.12.0', 'playwright': '0.7.2', 'metadata': '3.1.1', 'langsmith': '0.6.0'}, 'CI': 'true', 'JAVA_HOME': '/usr/lib/jvm/temurin-17-jdk-amd64', 'Base URL': ''}
rootdir: /home/runner/work/build_qa_automation/build_qa_automation
plugins: html-4.1.1, base-url-2.1.0, anyio-4.12.0, playwright-0.7.2, metadata-3.1.1, langsmith-0.6.0
collecting ... collected 1 item

projects/https___www_zendesk_com__regression/tests/e2e/test_main.py::test_workflow_execution[chromium] FAILED [100%]

=================================== FAILURES ===================================
______________________ test_workflow_execution[chromium] _______________________

page = <Page url='https://www.zendesk.com/'>

    def test_workflow_execution(page: Page):
        """
        Autonomous smoke test: Navigate site, explore main features, verify key elements
    
        Test Steps:
    
        1. The goal is to navigate the site and explore the main features. I am on the Zendesk home page which is also a login screen. I do not have credentials, so I will explore the 'Pricing' page.
    
        2. I am on the pricing page. The goal is to navigate the site and explore main features. Since I'm already on the Pricing page, I will navigate to another main feature. I will try clicking the 'Contact us' link in the header.
    
        """
        # ==================== ARRANGE ====================
        # Initialize page objects
    
        pricing_page = PricingPage(page)  # Page object for Pricing
    
    
    
        # ==================== ACT ====================
        # Execute workflow actions
    
>       pricing_page.click_pricing_link()  # The goal is to navigate the site and explore the main featur
        ^^^^^^^^^^^^^^^^^^^^^^^^^^^^^^^^^

projects/https___www_zendesk_com__regression/tests/e2e/test_main.py:46: 
_ _ _ _ _ _ _ _ _ _ _ _ _ _ _ _ _ _ _ _ _ _ _ _ _ _ _ _ _ _ _ _ _ _ _ _ _ _ _ _ 
projects/https___www_zendesk_com__regression/pages/pricing_page.py:38: in click_pricing_link
    self.do_click(self.pricing_link)  # Click pricing_link
    ^^^^^^^^^^^^^^^^^^^^^^^^^^^^^^^^
projects/https___www_zendesk_com__regression/pages/base_page.py:20: in do_click
    locator.click(timeout=5000) # Fast fail first
    ^^^^^^^^^^^^^^^^^^^^^^^^^^^
/opt/hostedtoolcache/Python/3.11.14/x64/lib/python3.11/site-packages/playwright/sync_api/_generated.py:15637: in click
    self._sync(
/opt/hostedtoolcache/Python/3.11.14/x64/lib/python3.11/site-packages/playwright/_impl/_locator.py:162: in click
    return await self._frame._click(self._selector, strict=True, **params)
           ^^^^^^^^^^^^^^^^^^^^^^^^^^^^^^^^^^^^^^^^^^^^^^^^^^^^^^^^^^^^^^^
/opt/hostedtoolcache/Python/3.11.14/x64/lib/python3.11/site-packages/playwright/_impl/_frame.py:566: in _click
    await self._channel.send("click", self._timeout, locals_to_params(locals()))
/opt/hostedtoolcache/Python/3.11.14/x64/lib/python3.11/site-packages/playwright/_impl/_connection.py:69: in send
    return await self._connection.wrap_api_call(
_ _ _ _ _ _ _ _ _ _ _ _ _ _ _ _ _ _ _ _ _ _ _ _ _ _ _ _ _ _ _ _ _ _ _ _ _ _ _ _ 

self = <playwright._impl._connection.Connection object at 0x7f60d1b95310>
cb = <function Channel.send.<locals>.<lambda> at 0x7f60d1723f60>
is_internal = False, title = None

    async def wrap_api_call(
        self, cb: Callable[[], Any], is_internal: bool = False, title: str = None
    ) -> Any:
        if self._api_zone.get():
            return await cb()
        task = asyncio.current_task(self._loop)
        st: List[inspect.FrameInfo] = getattr(
            task, "__pw_stack__", None
        ) or inspect.stack(0)
    
        parsed_st = _extract_stack_trace_information_from_stack(st, is_internal, title)
        self._api_zone.set(parsed_st)
        try:
            return await cb()
        except Exception as error:
>           raise rewrite_error(error, f"{parsed_st['apiName']}: {error}") from None
E           playwright._impl._errors.Error: Locator.click: Error: strict mode violation: get_by_role("link", name="Pricing") resolved to 2 elements:
E               1) <a tabindex="0" href="/pricing/" data-location="navigation" data-garden-version="8.76.2" data-garden-id="buttons.anchor" data-interaction-type="link-primary" class="StyledButton-sc-qe3ace-0 StyledAnchor-sc-xshgmo-0 gmtpxB eLyIGa Linkstyle__LinkRoot-sc-1n8u9ej-6 AxTpz sc-b3191427-2 jQmHvy">â€¦</a> aka get_by_label("pricing").get_by_role("link", name="Pricing")
E               2) <a href="/pricing/" data-location="footer" data-garden-version="8.76.2" data-garden-id="buttons.anchor" data-interaction-type="link-secondary" class="StyledButton-sc-qe3ace-0 StyledAnchor-sc-xshgmo-0 cbIMud eLyIGa Linkstyle__LinkRoot-sc-1n8u9ej-6 hXxeqc sc-db4ac2e8-2 DXtkj">â€¦</a> aka locator("#footer-1387810534").get_by_role("link", name="Pricing")
E           
E           Call log:
E             - waiting for get_by_role("link", name="Pricing")

/opt/hostedtoolcache/Python/3.11.14/x64/lib/python3.11/site-packages/playwright/_impl/_connection.py:559: Error
- Generated html report: file:///home/runner/work/build_qa_automation/build_qa_automation/projects/https___www_zendesk_com__regression/outputs/pytest_report.html -
=========================== short test summary info ============================
FAILED projects/https___www_zendesk_com__regression/tests/e2e/test_main.py::test_workflow_execution[chromium] - playwright._impl._errors.Error: Locator.click: Error: strict mode violation: get_by_role("link", name="Pricing") resolved to 2 elements:
    1) <a tabindex="0" href="/pricing/" data-location="navigation" data-garden-version="8.76.2" data-garden-id="buttons.anchor" data-interaction-type="link-primary" class="StyledButton-sc-qe3ace-0 StyledAnchor-sc-xshgmo-0 gmtpxB eLyIGa Linkstyle__LinkRoot-sc-1n8u9ej-6 AxTpz sc-b3191427-2 jQmHvy">â€¦</a> aka get_by_label("pricing").get_by_role("link", name="Pricing")
    2) <a href="/pricing/" data-location="footer" data-garden-version="8.76.2" data-garden-id="buttons.anchor" data-interaction-type="link-secondary" class="StyledButton-sc-qe3ace-0 StyledAnchor-sc-xshgmo-0 cbIMud eLyIGa Linkstyle__LinkRoot-sc-1n8u9ej-6 hXxeqc sc-db4ac2e8-2 DXtkj">â€¦</a> aka locator("#footer-1387810534").get_by_role("link", name="Pricing")

Call log:
  - waiting for get_by_role("link", name="Pricing")
============================== 1 failed in 3.40s ===============================
