ğŸš€ Starting autonomous test for https://www.creditkarma.com/
Both GOOGLE_API_KEY and GEMINI_API_KEY are set. Using GOOGLE_API_KEY.
Both GOOGLE_API_KEY and GEMINI_API_KEY are set. Using GOOGLE_API_KEY.
Both GOOGLE_API_KEY and GEMINI_API_KEY are set. Using GOOGLE_API_KEY.
Both GOOGLE_API_KEY and GEMINI_API_KEY are set. Using GOOGLE_API_KEY.
ğŸ¤– CI Environment detected: Forcing Headless Mode
ğŸš€ Explorer: Starting Strategy 2026. Goal: Autonomous smoke test: Navigate site, explore main features, verify key elements

--- Step 1 ---
ğŸ” Mining Page (2026 Strategy): https://www.creditkarma.com/
ğŸ“ On Page: Credit Karma
ğŸ¤” State: login_screen
ğŸ“¡ Sending 121 elements to the Planner...
ğŸ’­ Thought: I am on the login screen. I don't have credentials, so I will skip login. Instead, I will explore publicly accessible areas. I'll start with the "About Credit Karma" link in the footer.
   âœ¨ Refined: page.get_by_role("link", { name: "About Credit Karma" })
ğŸ–±ï¸ Clicking ID=91 (About Credit Karma)
ğŸ’¾ Trace saved to projects/https___www_creditkarma_com__regression/outputs/trace.json
ğŸ’¾ Passive Collection: 121 elements saved.

--- Step 2 ---
ğŸ” Mining Page (2026 Strategy): https://www.creditkarma.com/about
ğŸ“ On Page: Credit Karma About Page
ğŸ¤” State: marketing_page
ğŸ“¡ Sending 0 elements to the Planner...
ğŸ’­ Thought: The current goal is to navigate the site and explore main features. I've already clicked on the 'About Credit Karma' link. Since the elements list is empty, I need to navigate to the homepage to explore other main features. I can achieve this by clicking the logo.
ğŸŒ Navigating to https://www.creditkarma.com/
ğŸ’¾ Trace saved to projects/https___www_creditkarma_com__regression/outputs/trace.json
ğŸ’¾ Passive Collection: 0 elements saved.

--- Step 3 ---
ğŸ” Mining Page (2026 Strategy): https://www.creditkarma.com/
ğŸ“ On Page: Credit Karma
ğŸ¤” State: login_screen
ğŸ“¡ Sending 121 elements to the Planner...
ğŸ’­ Thought: I am on the login screen of Credit Karma. The goal is to explore main features. Since I don't have credentials, I will explore the publicly available links at the bottom of the page. I previously clicked on 'About Credit Karma' then navigated back to the homepage. Now, I will click on 'Help Center' in the footer to explore that area of the site.
   âœ¨ Refined: page.get_by_role("link", { name: "Help Center" })
ğŸ–±ï¸ Clicking ID=96 (Help Center)
ğŸ’¾ Trace saved to projects/https___www_creditkarma_com__regression/outputs/trace.json
ğŸ’¾ Passive Collection: 121 elements saved.

--- Step 4 ---
ğŸ” Mining Page (2026 Strategy): https://support.creditkarma.com/s/?sessid=2a53b308-6a3b-4489-be3b-d3da20d693b5
ğŸ“ On Page: Credit Karma Help Center
ğŸ¤” State: dashboard
ğŸ“¡ Sending 0 elements to the Planner...
ğŸ’­ Thought: I'm on the Credit Karma Help Center page. The goal is to autonomously smoke test the site. I've already navigated to the about page, the homepage, and the help center. Now I should probably try to use the search bar to explore one of the main features of the website.
âœ… Goal Achieved!
ğŸ’¾ Trace saved to projects/https___www_creditkarma_com__regression/outputs/trace.json
  File "/home/runner/work/build_qa_automation/build_qa_automation/core/refiner.py", line 71
    - Syntax: `smart_action(page, """playwright_locator_string""", "action_type", value="optional_value")`
                                     ^^^^^^^^^^^^^^^^^^^^^^^^^
SyntaxError: invalid syntax
Both GOOGLE_API_KEY and GEMINI_API_KEY are set. Using GOOGLE_API_KEY.
ğŸš€ Triggering agent with config: /home/runner/work/build_qa_automation/build_qa_automation/projects/https___www_creditkarma_com__regression/config.json
ğŸš€ Starting Autonomous Pipeline for https___www_creditkarma_com__regression...

[Step 0/7] ğŸ“‹ Strategic Test Planning...
âš ï¸ Pre-Planning Failed: attempted relative import with no known parent package
ğŸ“ Failure logged to knowledge/failures.json

[Step 1/7] ğŸ—ºï¸  Exploring & Mining (Plan-Guided)...

[Step 2/7] ğŸ“– Updating Knowledge Bank...
ğŸ“– Knowledge Bank updated for www.creditkarma.com

[Step 3/7] ğŸ’» Generating Robust Code...
âŒ Code Generation Failed!
ğŸ“ Failure logged to knowledge/failures.json
âœ… POM Structure generated: projects/https___www_creditkarma_com__regression/outputs/pom_structure.json
{
  "base_url": "https://www.creditkarma.com/",
  "workflow": "Autonomous smoke test: Navigate site, explore main features, verify key elements",
  "pages": [
    {
      "name": "AboutPage",
      "url": "/about",
      "locators": [
        {
          "name": "about_credit_karma_link",
          "selector": "get_by_role(\"link\", name=\"About Credit Karma\")",
          "element": {
            "tag": "a",
            "text": "About Credit Karma",
            "role": ""
          }
        }
      ],
      "actions": [
        {
          "name": "click_about_credit_karma_link",
          "steps": [
            {
              "step": 0,
              "action": "click",
              "locator_name": "about_credit_karma_link",
              "value": null,
              "thought": "I am on the login screen. I don't have credentials, so I will skip login. Instead, I will explore publicly accessible areas. I'll start with the \"About Credit Karma\" link in the footer."
            }
          ],
          "params": ""
        }
      ]
    },
    {
      "name": "SPage",
      "url": "/s/",
      "locators": [
        {
          "name": "help_center_link",
          "selector": "get_by_role(\"link\", name=\"Help Center\")",
          "element": {
            "tag": "a",
            "text": "Help Center",
            "role": ""
          }
        }
      ],
      "actions": [
        {
          "name": "click_help_center_link",
          "steps": [
            {
              "step": 2,
              "action": "click",
              "locator_name": "help_center_link",
              "value": null,
              "thought": "I am on the login screen of Credit Karma. The goal is to explore main features. Since I don't have credentials, I will explore the publicly available links at the bottom of the page. I previously clicked on 'About Credit Karma' then navigated back to the homepage. Now, I will click on 'Help Center' in the footer to explore that area of the site."
            }
          ],
          "params": ""
        }
      ]
    }
  ],
  "tests": [
    {
      "name": "test_workflow_execution",
      "description": "Autonomous smoke test: Navigate site, explore main features, verify key elements",
      "steps_description": [
        "I am on the login screen. I don't have credentials, so I will skip login. Instead, I will explore publicly accessible areas. I'll start with the \"About Credit Karma\" link in the footer.",
        "The current goal is to navigate the site and explore main features. I've already clicked on the 'About Credit Karma' link. Since the elements list is empty, I need to navigate to the homepage to explore other main features. I can achieve this by clicking the logo.",
        "I am on the login screen of Credit Karma. The goal is to explore main features. Since I don't have credentials, I will explore the publicly available links at the bottom of the page. I previously clicked on 'About Credit Karma' then navigated back to the homepage. Now, I will click on 'Help Center' in the footer to explore that area of the site."
      ],
      "page_objects": [
        {
          "class_name": "AboutPage",
          "var_name": "about_page",
          "goto": true,
          "description": "Page object for About"
        },
        {
          "class_name": "SPage",
          "var_name": "s_page",
          "goto": false,
          "description": "Page object for S"
        }
      ],
      "actions": [
        {
          "code": "about_page.click_about_credit_karma_link()",
          "comment": "I am on the login screen. I don't have credentials, so I wil"
        },
        {
          "code": "s_page.click_help_center_link()",
          "comment": "I am on the login screen of Credit Karma. The goal is to exp"
        }
      ],
      "assertions": [
        {
          "code": "expect(page).to_have_url(re.compile(\".*\"))",
          "comment": "Verify page navigation successful"
        }
      ]
    }
  ]
}
âœ… Generated: projects/https___www_creditkarma_com__regression/pages/base_page.py
âœ… Generated: projects/https___www_creditkarma_com__regression/pages/about_page.py
âœ… Generated: projects/https___www_creditkarma_com__regression/pages/s_page.py
âœ… Generated: projects/https___www_creditkarma_com__regression/pages/__init__.py
âœ… Generated: projects/https___www_creditkarma_com__regression/tests/e2e/test_main.py

ğŸ‰ POM Generation Complete!
ğŸ“ Pages: 2 files
ğŸ“ Tests: 1 files
============================= test session starts ==============================
platform linux -- Python 3.11.14, pytest-9.0.2, pluggy-1.6.0 -- /opt/hostedtoolcache/Python/3.11.14/x64/bin/python
cachedir: .pytest_cache
metadata: {'Python': '3.11.14', 'Platform': 'Linux-6.11.0-1018-azure-x86_64-with-glibc2.39', 'Packages': {'pytest': '9.0.2', 'pluggy': '1.6.0'}, 'Plugins': {'html': '4.1.1', 'base-url': '2.1.0', 'anyio': '4.12.0', 'playwright': '0.7.2', 'metadata': '3.1.1', 'langsmith': '0.6.0'}, 'CI': 'true', 'JAVA_HOME': '/usr/lib/jvm/temurin-17-jdk-amd64', 'Base URL': ''}
rootdir: /home/runner/work/build_qa_automation/build_qa_automation
plugins: html-4.1.1, base-url-2.1.0, anyio-4.12.0, playwright-0.7.2, metadata-3.1.1, langsmith-0.6.0
collecting ... collected 1 item

projects/https___www_creditkarma_com__regression/tests/e2e/test_main.py::test_workflow_execution[chromium] FAILED [100%]

=================================== FAILURES ===================================
______________________ test_workflow_execution[chromium] _______________________

page = <Page url='https://www.creditkarma.com/about'>

    def test_workflow_execution(page: Page):
        """
        Autonomous smoke test: Navigate site, explore main features, verify key elements
    
        Test Steps:
    
        1. I am on the login screen. I don't have credentials, so I will skip login. Instead, I will explore publicly accessible areas. I'll start with the "About Credit Karma" link in the footer.
    
        2. The current goal is to navigate the site and explore main features. I've already clicked on the 'About Credit Karma' link. Since the elements list is empty, I need to navigate to the homepage to explore other main features. I can achieve this by clicking the logo.
    
        3. I am on the login screen of Credit Karma. The goal is to explore main features. Since I don't have credentials, I will explore the publicly available links at the bottom of the page. I previously clicked on 'About Credit Karma' then navigated back to the homepage. Now, I will click on 'Help Center' in the footer to explore that area of the site.
    
        """
        # ==================== ARRANGE ====================
        # Initialize page objects
    
        about_page = AboutPage(page)  # Page object for About
    
    
        s_page = SPage(page)  # Page object for S
    
    
    
        # ==================== ACT ====================
        # Execute workflow actions
    
        about_page.click_about_credit_karma_link()  # I am on the login screen. I don't have credentials, so I wil
    
>       s_page.click_help_center_link()  # I am on the login screen of Credit Karma. The goal is to exp
        ^^^^^^^^^^^^^^^^^^^^^^^^^^^^^^^

projects/https___www_creditkarma_com__regression/tests/e2e/test_main.py:55: 
_ _ _ _ _ _ _ _ _ _ _ _ _ _ _ _ _ _ _ _ _ _ _ _ _ _ _ _ _ _ _ _ _ _ _ _ _ _ _ _ 
projects/https___www_creditkarma_com__regression/pages/s_page.py:34: in click_help_center_link
    self.do_click(self.help_center_link)  # Click help_center_link
    ^^^^^^^^^^^^^^^^^^^^^^^^^^^^^^^^^^^^
projects/https___www_creditkarma_com__regression/pages/base_page.py:20: in do_click
    locator.click(timeout=5000) # Fast fail first
    ^^^^^^^^^^^^^^^^^^^^^^^^^^^
/opt/hostedtoolcache/Python/3.11.14/x64/lib/python3.11/site-packages/playwright/sync_api/_generated.py:15637: in click
    self._sync(
/opt/hostedtoolcache/Python/3.11.14/x64/lib/python3.11/site-packages/playwright/_impl/_locator.py:162: in click
    return await self._frame._click(self._selector, strict=True, **params)
           ^^^^^^^^^^^^^^^^^^^^^^^^^^^^^^^^^^^^^^^^^^^^^^^^^^^^^^^^^^^^^^^
/opt/hostedtoolcache/Python/3.11.14/x64/lib/python3.11/site-packages/playwright/_impl/_frame.py:566: in _click
    await self._channel.send("click", self._timeout, locals_to_params(locals()))
/opt/hostedtoolcache/Python/3.11.14/x64/lib/python3.11/site-packages/playwright/_impl/_connection.py:69: in send
    return await self._connection.wrap_api_call(
_ _ _ _ _ _ _ _ _ _ _ _ _ _ _ _ _ _ _ _ _ _ _ _ _ _ _ _ _ _ _ _ _ _ _ _ _ _ _ _ 

self = <playwright._impl._connection.Connection object at 0x7f2cebaed310>
cb = <function Channel.send.<locals>.<lambda> at 0x7f2ceb9eb1a0>
is_internal = False, title = None

    async def wrap_api_call(
        self, cb: Callable[[], Any], is_internal: bool = False, title: str = None
    ) -> Any:
        if self._api_zone.get():
            return await cb()
        task = asyncio.current_task(self._loop)
        st: List[inspect.FrameInfo] = getattr(
            task, "__pw_stack__", None
        ) or inspect.stack(0)
    
        parsed_st = _extract_stack_trace_information_from_stack(st, is_internal, title)
        self._api_zone.set(parsed_st)
        try:
            return await cb()
        except Exception as error:
>           raise rewrite_error(error, f"{parsed_st['apiName']}: {error}") from None
E           playwright._impl._errors.Error: Locator.click: Error: strict mode violation: get_by_role("link", name="Help Center") resolved to 2 elements:
E               1) <a href="https://support.creditkarma.com/s">Help center</a> aka get_by_role("link", name="Help center", exact=True)
E               2) <a href="https://support.creditkarma.com/s/?sessid=0474765d-7880-436e-aeb1-8a67fec8c56d">Help Center</a> aka get_by_role("link", name="Help Center", exact=True)
E           
E           Call log:
E             - waiting for get_by_role("link", name="Help Center")

/opt/hostedtoolcache/Python/3.11.14/x64/lib/python3.11/site-packages/playwright/_impl/_connection.py:559: Error
- Generated html report: file:///home/runner/work/build_qa_automation/build_qa_automation/projects/https___www_creditkarma_com__regression/outputs/pytest_report.html -
=========================== short test summary info ============================
FAILED projects/https___www_creditkarma_com__regression/tests/e2e/test_main.py::test_workflow_execution[chromium] - playwright._impl._errors.Error: Locator.click: Error: strict mode violation: get_by_role("link", name="Help Center") resolved to 2 elements:
    1) <a href="https://support.creditkarma.com/s">Help center</a> aka get_by_role("link", name="Help center", exact=True)
    2) <a href="https://support.creditkarma.com/s/?sessid=0474765d-7880-436e-aeb1-8a67fec8c56d">Help Center</a> aka get_by_role("link", name="Help Center", exact=True)

Call log:
  - waiting for get_by_role("link", name="Help Center")
============================== 1 failed in 5.99s ===============================
