============================= test session starts ==============================
platform linux -- Python 3.11.14, pytest-9.0.2, pluggy-1.6.0 -- /opt/hostedtoolcache/Python/3.11.14/x64/bin/python
cachedir: .pytest_cache
metadata: {'Python': '3.11.14', 'Platform': 'Linux-6.11.0-1018-azure-x86_64-with-glibc2.39', 'Packages': {'pytest': '9.0.2', 'pluggy': '1.6.0'}, 'Plugins': {'html': '4.1.1', 'langsmith': '0.6.1', 'base-url': '2.1.0', 'playwright': '0.7.2', 'anyio': '4.12.1', 'metadata': '3.1.1'}, 'CI': 'true', 'JAVA_HOME': '/usr/lib/jvm/temurin-17-jdk-amd64', 'Base URL': ''}
rootdir: /home/runner/work/build_qa_automation/build_qa_automation
plugins: html-4.1.1, langsmith-0.6.1, base-url-2.1.0, playwright-0.7.2, anyio-4.12.1, metadata-3.1.1
collecting ... collected 1 item

projects/core_orangehrm/tests/test_main.py::test_autonomous_flow[chromium] FAILED

=================================== FAILURES ===================================
________________________ test_autonomous_flow[chromium] ________________________

browser = <Browser type=<BrowserType name=chromium executable_path=/home/runner/.cache/ms-playwright/chromium-1200/chrome-linux64/chrome> version=143.0.7499.4>

    def test_autonomous_flow(browser: Browser):
        # 1. Setup
        context = browser.new_context(viewport={"width": 1920, "height": 1080})
        page = context.new_page()
    
        # 2. Logic (using POM)
        login_page = OrangehrmLoginPage(page)
        reset_password_page = OrangehrmResetPasswordPage(page)
        password_reset_confirmation_page = PasswordResetConfirmationPage(page)
    
        login_page.goto()
        login_page.click_forgot_password()
    
        reset_password_page.assert_on_reset_password_page()
        reset_password_page.fill_username("testuser")
        reset_password_page.click_reset_password()
    
>       password_reset_confirmation_page.assert_on_confirmation_page()

projects/core_orangehrm/tests/test_main.py:95: 
_ _ _ _ _ _ _ _ _ _ _ _ _ _ _ _ _ _ _ _ _ _ _ _ _ _ _ _ _ _ _ _ _ _ _ _ _ _ _ _ 

self = <test_main.PasswordResetConfirmationPage object at 0x7f3afd893550>

    def assert_on_confirmation_page(self) -> None:
>       expect(self.page).to_have_url("**/auth/sendPasswordReset")
E       AssertionError: Page URL expected to be '**/auth/sendPasswordReset'
E       Actual value: https://opensource-demo.orangehrmlive.com/web/index.php/auth/sendPasswordReset 
E       Call log:
E         - Expect "to_have_url" with timeout 5000ms
E           2 × unexpected value "https://opensource-demo.orangehrmlive.com/web/index.php/auth/requestPasswordResetCode"
E           - waiting for" https://opensource-demo.orangehrmlive.com/web/index.php/auth/requestResetPassword" navigation to finish...
E           - navigated to "https://opensource-demo.orangehrmlive.com/web/index.php/auth/sendPasswordReset"
E           6 × unexpected value "https://opensource-demo.orangehrmlive.com/web/index.php/auth/sendPasswordReset"

projects/core_orangehrm/tests/test_main.py:74: AssertionError
=========================== short test summary info ============================
FAILED projects/core_orangehrm/tests/test_main.py::test_autonomous_flow[chromium] - AssertionError: Page URL expected to be '**/auth/sendPasswordReset'
Actual value: https://opensource-demo.orangehrmlive.com/web/index.php/auth/sendPasswordReset 
Call log:
  - Expect "to_have_url" with timeout 5000ms
    2 × unexpected value "https://opensource-demo.orangehrmlive.com/web/index.php/auth/requestPasswordResetCode"
    - waiting for" https://opensource-demo.orangehrmlive.com/web/index.php/auth/requestResetPassword" navigation to finish...
    - navigated to "https://opensource-demo.orangehrmlive.com/web/index.php/auth/sendPasswordReset"
    6 × unexpected value "https://opensource-demo.orangehrmlive.com/web/index.php/auth/sendPasswordReset"
============================== 1 failed in 8.49s ===============================

