============================= test session starts ==============================
platform linux -- Python 3.11.14, pytest-9.0.2, pluggy-1.6.0 -- /opt/hostedtoolcache/Python/3.11.14/x64/bin/python
cachedir: .pytest_cache
metadata: {'Python': '3.11.14', 'Platform': 'Linux-6.11.0-1018-azure-x86_64-with-glibc2.39', 'Packages': {'pytest': '9.0.2', 'pluggy': '1.6.0'}, 'Plugins': {'html': '4.1.1', 'base-url': '2.1.0', 'playwright': '0.7.2', 'anyio': '4.12.1', 'metadata': '3.1.1', 'langsmith': '0.6.2'}, 'CI': 'true', 'JAVA_HOME': '/usr/lib/jvm/temurin-17-jdk-amd64', 'Base URL': ''}
rootdir: /home/runner/work/build_qa_automation/build_qa_automation
plugins: html-4.1.1, base-url-2.1.0, playwright-0.7.2, anyio-4.12.1, metadata-3.1.1, langsmith-0.6.2
collecting ... collected 1 item

projects/stress_core_saucedemo/tests/e2e/test_main.py::test_autonomous_flow[chromium] FAILED

=================================== FAILURES ===================================
________________________ test_autonomous_flow[chromium] ________________________

browser = <Browser type=<BrowserType name=chromium executable_path=/home/runner/.cache/ms-playwright/chromium-1200/chrome-linux64/chrome> version=143.0.7499.4>

    def test_autonomous_flow(browser: Browser):
        page = browser.new_page()
        login_page = LoginPage(page)
        inventory_page = InventoryPage(page)
>       cart_page = CartPage(page)
                    ^^^^^^^^^^^^^^

projects/stress_core_saucedemo/tests/e2e/test_main.py:113: 
_ _ _ _ _ _ _ _ _ _ _ _ _ _ _ _ _ _ _ _ _ _ _ _ _ _ _ _ _ _ _ _ _ _ _ _ _ _ _ _ 

self = <test_main.CartPage object at 0x7fab559faa90>
page = <Page url='about:blank'>

    def __init__(self, page: Page):
>       super().__init(page)
        ^^^^^^^^^^^^^^
E       AttributeError: 'super' object has no attribute '_CartPage__init'

projects/stress_core_saucedemo/tests/e2e/test_main.py:71: AttributeError
=========================== short test summary info ============================
FAILED projects/stress_core_saucedemo/tests/e2e/test_main.py::test_autonomous_flow[chromium] - AttributeError: 'super' object has no attribute '_CartPage__init'
============================== 1 failed in 0.48s ===============================

