============================= test session starts ==============================
platform linux -- Python 3.11.14, pytest-9.0.2, pluggy-1.6.0 -- /opt/hostedtoolcache/Python/3.11.14/x64/bin/python
cachedir: .pytest_cache
metadata: {'Python': '3.11.14', 'Platform': 'Linux-6.11.0-1018-azure-x86_64-with-glibc2.39', 'Packages': {'pytest': '9.0.2', 'pluggy': '1.6.0'}, 'Plugins': {'html': '4.1.1', 'langsmith': '0.6.1', 'base-url': '2.1.0', 'playwright': '0.7.2', 'anyio': '4.12.1', 'metadata': '3.1.1'}, 'CI': 'true', 'JAVA_HOME': '/usr/lib/jvm/temurin-17-jdk-amd64', 'Base URL': ''}
rootdir: /home/runner/work/build_qa_automation/build_qa_automation
plugins: html-4.1.1, langsmith-0.6.1, base-url-2.1.0, playwright-0.7.2, anyio-4.12.1, metadata-3.1.1
collecting ... collected 1 item

projects/train_rank149_rubiconproject_com/tests/test_main.py::test_autonomous_flow[chromium] FAILED

=================================== FAILURES ===================================
________________________ test_autonomous_flow[chromium] ________________________

browser = <Browser type=<BrowserType name=chromium executable_path=/home/runner/.cache/ms-playwright/chromium-1200/chrome-linux64/chrome> version=143.0.7499.4>

    def test_autonomous_flow(browser: Browser):
        # 1. Setup
        context = browser.new_context(viewport={"width": 1920, "height": 1080})
        page = context.new_page()
        generic_page = GenericPage(page)
        generic_page.goto("https://www.magnite.com/")
    
        # 2. Logic (using POM)
        # The goal is to find 5 buttons and 2 links on the page without clicking them.
        # The buttons are: Search, Login, Language, Contact Us, and one more (Accept All Cookies).
        # The links are: Sellers and Buyers.
    
        # Assert that the elements are present (no actions needed in this step)
        expect(generic_page.search_button).to_be_visible()
        expect(generic_page.login_button).to_be_visible()
        expect(generic_page.language_button).to_be_visible()
>       expect(generic_page.contact_us_button).to_be_visible()
E       AssertionError: Locator expected to be visible
E       Actual value: None
E       Error: element(s) not found 
E       Call log:
E         - Expect "to_be_visible" with timeout 5000ms
E         - waiting for get_by_role("button", name="Contact Us")

projects/train_rank149_rubiconproject_com/tests/test_main.py:66: AssertionError
=========================== short test summary info ============================
FAILED projects/train_rank149_rubiconproject_com/tests/test_main.py::test_autonomous_flow[chromium] - AssertionError: Locator expected to be visible
Actual value: None
Error: element(s) not found 
Call log:
  - Expect "to_be_visible" with timeout 5000ms
  - waiting for get_by_role("button", name="Contact Us")
============================== 1 failed in 6.93s ===============================

