============================= test session starts =============================
platform win32 -- Python 3.11.9, pytest-9.0.2, pluggy-1.6.0 -- C:\Users\vishv\AppData\Local\Programs\Python\Python311\python.exe
cachedir: .pytest_cache
rootdir: C:\Users\vishv\.gemini\antigravity\playground\inner-event
plugins: anyio-4.12.0, langsmith-0.5.2, base-url-2.1.0, playwright-0.7.2
collecting ... collected 1 item

projects/verify_custom_uitestingplayground/tests/test_main.py::test_autonomous_flow[chromium] FAILED

================================== FAILURES ===================================
_______________________ test_autonomous_flow[chromium] ________________________

browser = <Browser type=<BrowserType name=chromium executable_path=C:\Users\vishv\AppData\Local\ms-playwright\chromium-1200\chrome-win64\chrome.exe> version=143.0.7499.4>

    def test_autonomous_flow(browser: Browser):
        page = browser.new_page()
        base_page = BasePage(page)
        ui_playground_page = UiTestAutomationPlaygroundPage(page)
        dynamic_id_page = DynamicIdPage(page)
    
        ui_playground_page.navigate(ui_playground_page.url)
        ui_playground_page.navigate_to_dynamic_id()
        dynamic_id_page.click_dynamic_id_button()
>       expect(page.locator("button")).to_be_visible()
E       AssertionError: Locator expected to be visible
E       Actual value: None
E       Error: strict mode violation: locator("button") resolved to 2 elements:
E           1) <button type="button" aria-expanded="false" class="navbar-toggler" data-toggle="collapse" aria-label="Toggle navigation" data-target="#navbarSupportedContent" aria-controls="navbarSupportedContent">â€¦</button> aka get_by_label("Toggle navigation")
E           2) <button type="button" class="btn btn-primary" id="12fd4921-737b-f6bc-e4f2-73fd8eb8437d">Button with Dynamic ID</button> aka get_by_role("button", name="Button with Dynamic ID")
E        
E       Call log:
E         - Expect "to_be_visible" with timeout 5000ms
E         - waiting for locator("button")

projects\verify_custom_uitestingplayground\tests\test_main.py:61: AssertionError
=========================== short test summary info ===========================
FAILED projects/verify_custom_uitestingplayground/tests/test_main.py::test_autonomous_flow[chromium]
============================== 1 failed in 5.28s ==============================

