============================= test session starts =============================
platform win32 -- Python 3.11.9, pytest-9.0.2, pluggy-1.6.0 -- C:\Users\vishv\AppData\Local\Programs\Python\Python311\python.exe
cachedir: .pytest_cache
rootdir: C:\Users\vishv\.gemini\antigravity\playground\inner-event
plugins: anyio-4.12.0, langsmith-0.5.2, base-url-2.1.0, playwright-0.7.2
collecting ... collected 1 item

projects/verify_custom_parabank/tests/test_main.py::test_autonomous_flow[chromium] FAILED

================================== FAILURES ===================================
_______________________ test_autonomous_flow[chromium] ________________________

page = <Page url='https://parabank.parasoft.com/parabank/register.htm;jsessionid=F972B13459CB5C4AAED31358B97DB37D'>

    def test_autonomous_flow(page: Page):
        """
        Workflow: Register a new user, login, and check account overview
        """
        # Navigate to target URL
        page.goto("https://parabank.parasoft.com/parabank/index.htm")
    
        parabank_home_page = ParabankHomePage(page)
        parabank_register_page = ParabankRegisterPage(page)
        login_page = LoginPage(page)
        unknown_page = UnknownPage(page)
    
        # Execute test steps
        # Step 0: The goal is to register a new user, login, and check account overview. I am curr
        parabank_home_page.register_link.click()
    
        # Step 1: The goal is to register a new user, log in, and check the account overview. The
        parabank_register_page.fill_input.fill("test")
    
        # Step 2: The goal is to register a new user, login, and check account overview. The histo
>       parabank_register_page.click_input.click()

projects\verify_custom_parabank\tests\test_main.py:93: 
_ _ _ _ _ _ _ _ _ _ _ _ _ _ _ _ _ _ _ _ _ _ _ _ _ _ _ _ _ _ _ _ _ _ _ _ _ _ _ _
..\..\..\..\AppData\Local\Programs\Python\Python311\Lib\site-packages\playwright\sync_api\_generated.py:15637: in click
    self._sync(
..\..\..\..\AppData\Local\Programs\Python\Python311\Lib\site-packages\playwright\_impl\_locator.py:162: in click
    return await self._frame._click(self._selector, strict=True, **params)
           ^^^^^^^^^^^^^^^^^^^^^^^^^^^^^^^^^^^^^^^^^^^^^^^^^^^^^^^^^^^^^^^
..\..\..\..\AppData\Local\Programs\Python\Python311\Lib\site-packages\playwright\_impl\_frame.py:566: in _click
    await self._channel.send("click", self._timeout, locals_to_params(locals()))
..\..\..\..\AppData\Local\Programs\Python\Python311\Lib\site-packages\playwright\_impl\_connection.py:69: in send
    return await self._connection.wrap_api_call(
_ _ _ _ _ _ _ _ _ _ _ _ _ _ _ _ _ _ _ _ _ _ _ _ _ _ _ _ _ _ _ _ _ _ _ _ _ _ _ _

self = <playwright._impl._connection.Connection object at 0x000001AE86B2A9D0>
cb = <function Channel.send.<locals>.<lambda> at 0x000001AE86E5D800>
is_internal = False, title = None

    async def wrap_api_call(
        self, cb: Callable[[], Any], is_internal: bool = False, title: str = None
    ) -> Any:
        if self._api_zone.get():
            return await cb()
        task = asyncio.current_task(self._loop)
        st: List[inspect.FrameInfo] = getattr(
            task, "__pw_stack__", None
        ) or inspect.stack(0)
    
        parsed_st = _extract_stack_trace_information_from_stack(st, is_internal, title)
        self._api_zone.set(parsed_st)
        try:
            return await cb()
        except Exception as error:
>           raise rewrite_error(error, f"{parsed_st['apiName']}: {error}") from None
E           playwright._impl._errors.Error: Locator.click: Error: strict mode violation: locator(".button") resolved to 3 elements:
E               1) <ul class="button">ï¿½</ul> aka get_by_text("home about contact")
E               2) <input type="submit" class="button" value="Log In"/> aka get_by_role("button", name="Log In")
E               3) <input type="submit" class="button" value="Register"/> aka get_by_role("button", name="Register")
E           
E           Call log:
E             - waiting for locator(".button")

..\..\..\..\AppData\Local\Programs\Python\Python311\Lib\site-packages\playwright\_impl\_connection.py:559: Error
=========================== short test summary info ===========================
FAILED projects/verify_custom_parabank/tests/test_main.py::test_autonomous_flow[chromium]
============================== 1 failed in 2.60s ==============================

