[
  {
    "timestamp": "2026-01-07T02:33:23.686798",
    "context": {
      "site": "https://apple.com",
      "project": "train_rank9_apple_com",
      "phase": "execution"
    },
    "error": "r_load_state(\"networkidle\")\n    \n        # 2. Logic (using POM)\n        generic_page = GenericPage(page)\n    \n        # Find 5 buttons and assert\n>       expect(generic_page.learn_more_button).to_be_visible()\nE       AssertionError: Locator expected to be visible\nE       Actual value: None\nE       Error: element(s) not found \nE       Call log:\nE         - Expect \"to_be_visible\" with timeout 5000ms\nE         - waiting for get_by_role(\"button\", name=\"Learn more\")\n\nprojects/train_rank9_apple_com/tests/test_main.py:89: AssertionError\n=========================== short test summary info ============================\nFAILED projects/train_rank9_apple_com/tests/test_main.py::test_autonomous_flow[chromium] - AssertionError: Locator expected to be visible\nActual value: None\nError: element(s) not found \nCall log:\n  - Expect \"to_be_visible\" with timeout 5000ms\n  - waiting for get_by_role(\"button\", name=\"Learn more\")\n============================== 1 failed in 7.18s ===============================\n\n\n"
  },
  {
    "timestamp": "2026-01-07T02:34:59.393345",
    "context": {
      "site": "https://youtu.be",
      "project": "train_rank44_youtu_be",
      "phase": "execution"
    },
    "error": "=======\n______ ERROR collecting projects/train_rank44_youtu_be/tests/test_main.py ______\nImportError while importing test module '/home/runner/work/build_qa_automation/build_qa_automation/projects/train_rank44_youtu_be/tests/test_main.py'.\nHint: make sure your test modules/packages have valid Python names.\nTraceback:\n/opt/hostedtoolcache/Python/3.11.14/x64/lib/python3.11/importlib/__init__.py:126: in import_module\n    return _bootstrap._gcd_import(name[level:], package, level)\n           ^^^^^^^^^^^^^^^^^^^^^^^^^^^^^^^^^^^^^^^^^^^^^^^^^^^^\nprojects/train_rank44_youtu_be/tests/test_main.py:53: in <module>\n    from utils import take_screenshot\nE   ModuleNotFoundError: No module named 'utils'\n=========================== short test summary info ============================\nERROR projects/train_rank44_youtu_be/tests/test_main.py\n!!!!!!!!!!!!!!!!!!!! Interrupted: 1 error during collection !!!!!!!!!!!!!!!!!!!!\n=============================== 1 error in 0.14s ===============================\n\n\n"
  },
  {
    "timestamp": "2026-01-07T02:35:03.138724",
    "context": {
      "site": "https://skype.com",
      "project": "train_rank59_skype_com",
      "phase": "execution"
    },
    "error": "Page(page)\n        generic_page.goto()\n    \n        # 2. Logic (using POM)\n        # Locate the buttons and links and assert visibility\n>       expect(generic_page.download_teams_button).to_be_visible()\nE       AssertionError: Locator expected to be visible\nE       Actual value: None\nE       Error: element(s) not found \nE       Call log:\nE         - Expect \"to_be_visible\" with timeout 5000ms\nE         - waiting for get_by_role(\"link\", name=\"Download Teams\")\n\nprojects/train_rank59_skype_com/tests/test_main.py:56: AssertionError\n=========================== short test summary info ============================\nFAILED projects/train_rank59_skype_com/tests/test_main.py::test_autonomous_flow[chromium] - AssertionError: Locator expected to be visible\nActual value: None\nError: element(s) not found \nCall log:\n  - Expect \"to_be_visible\" with timeout 5000ms\n  - waiting for get_by_role(\"link\", name=\"Download Teams\")\n============================== 1 failed in 6.65s ===============================\n\n\n"
  },
  {
    "timestamp": "2026-01-07T02:37:30.810514",
    "context": {
      "site": "https://rubiconproject.com",
      "project": "train_rank149_rubiconproject_com",
      "phase": "execution"
    },
    "error": "le()\n        expect(generic_page.login_button).to_be_visible()\n        expect(generic_page.language_button).to_be_visible()\n>       expect(generic_page.contact_us_button).to_be_visible()\nE       AssertionError: Locator expected to be visible\nE       Actual value: None\nE       Error: element(s) not found \nE       Call log:\nE         - Expect \"to_be_visible\" with timeout 5000ms\nE         - waiting for get_by_role(\"button\", name=\"Contact Us\")\n\nprojects/train_rank149_rubiconproject_com/tests/test_main.py:66: AssertionError\n=========================== short test summary info ============================\nFAILED projects/train_rank149_rubiconproject_com/tests/test_main.py::test_autonomous_flow[chromium] - AssertionError: Locator expected to be visible\nActual value: None\nError: element(s) not found \nCall log:\n  - Expect \"to_be_visible\" with timeout 5000ms\n  - waiting for get_by_role(\"button\", name=\"Contact Us\")\n============================== 1 failed in 7.19s ===============================\n\n\n"
  },
  {
    "timestamp": "2026-01-07T02:37:51.825645",
    "context": {
      "site": "https://theguardian.com",
      "project": "train_rank191_theguardian_com",
      "phase": "execution"
    },
    "error": "ts/train_rank191_theguardian_com/tests/test_main.py __\nImportError while importing test module '/home/runner/work/build_qa_automation/build_qa_automation/projects/train_rank191_theguardian_com/tests/test_main.py'.\nHint: make sure your test modules/packages have valid Python names.\nTraceback:\n/opt/hostedtoolcache/Python/3.11.14/x64/lib/python3.11/importlib/__init__.py:126: in import_module\n    return _bootstrap._gcd_import(name[level:], package, level)\n           ^^^^^^^^^^^^^^^^^^^^^^^^^^^^^^^^^^^^^^^^^^^^^^^^^^^^\nprojects/train_rank191_theguardian_com/tests/test_main.py:25: in <module>\n    from core.utils import take_screenshot\nE   ModuleNotFoundError: No module named 'core.utils'\n=========================== short test summary info ============================\nERROR projects/train_rank191_theguardian_com/tests/test_main.py\n!!!!!!!!!!!!!!!!!!!! Interrupted: 1 error during collection !!!!!!!!!!!!!!!!!!!!\n=============================== 1 error in 0.13s ===============================\n\n\n"
  },
  {
    "timestamp": "2026-01-07T02:38:56.834004",
    "context": {
      "site": "https://github.io",
      "project": "train_rank126_github_io",
      "phase": "execution"
    },
    "error": " and 'Overview' as buttons.\n    \n        # Assertions (example, add more as needed)\n        expect(generic_page.sign_up_link).to_be_visible()\n>       expect(generic_page.quickstart_button).to_be_visible()\nE       AssertionError: Locator expected to be visible\nE       Actual value: None\nE       Error: element(s) not found \nE       Call log:\nE         - Expect \"to_be_visible\" with timeout 5000ms\nE         - waiting for get_by_role(\"button\", name=\"Quickstart\")\n\nprojects/train_rank126_github_io/tests/test_main.py:48: AssertionError\n=========================== short test summary info ============================\nFAILED projects/train_rank126_github_io/tests/test_main.py::test_autonomous_flow[chromium] - AssertionError: Locator expected to be visible\nActual value: None\nError: element(s) not found \nCall log:\n  - Expect \"to_be_visible\" with timeout 5000ms\n  - waiting for get_by_role(\"button\", name=\"Quickstart\")\n============================== 1 failed in 6.30s ===============================\n\n\n"
  },
  {
    "timestamp": "2026-01-07T02:43:55.808411",
    "context": {
      "site": "https://mts.ru",
      "project": "train_rank192_mts_ru",
      "phase": "execution"
    },
    "error": "\n______ ERROR collecting projects/train_rank192_mts_ru/tests/test_main.py _______\nImportError while importing test module '/home/runner/work/build_qa_automation/build_qa_automation/projects/train_rank192_mts_ru/tests/test_main.py'.\nHint: make sure your test modules/packages have valid Python names.\nTraceback:\n/opt/hostedtoolcache/Python/3.11.14/x64/lib/python3.11/importlib/__init__.py:126: in import_module\n    return _bootstrap._gcd_import(name[level:], package, level)\n           ^^^^^^^^^^^^^^^^^^^^^^^^^^^^^^^^^^^^^^^^^^^^^^^^^^^^\nprojects/train_rank192_mts_ru/tests/test_main.py:23: in <module>\n    from core.utils import take_screenshot\nE   ModuleNotFoundError: No module named 'core.utils'\n=========================== short test summary info ============================\nERROR projects/train_rank192_mts_ru/tests/test_main.py\n!!!!!!!!!!!!!!!!!!!! Interrupted: 1 error during collection !!!!!!!!!!!!!!!!!!!!\n=============================== 1 error in 0.13s ===============================\n\n\n"
  },
  {
    "timestamp": "2026-01-07T02:48:20.018199",
    "context": {
      "site": "https://linkedin.com",
      "project": "train_rank17_linkedin_com",
      "phase": "execution"
    },
    "error": "ps://www.linkedin.com/'> selector='internal:role=button[name=\"Join now\"i]'>.is_visible\nE        +      where <Locator frame=<Frame name= url='https://www.linkedin.com/'> selector='internal:role=button[name=\"Join now\"i]'> = <test_main.HomePage object at 0x7f181baa8e50>.join_now_button\n\nprojects/train_rank17_linkedin_com/tests/test_main.py:69: AssertionError\n=========================== short test summary info ============================\nFAILED projects/train_rank17_linkedin_com/tests/test_main.py::test_autonomous_flow[chromium] - assert False\n +  where False = is_visible()\n +    where is_visible = <Locator frame=<Frame name= url='https://www.linkedin.com/'> selector='internal:role=button[name=\"Join now\"i]'>.is_visible\n +      where <Locator frame=<Frame name= url='https://www.linkedin.com/'> selector='internal:role=button[name=\"Join now\"i]'> = <test_main.HomePage object at 0x7f181baa8e50>.join_now_button\n============================== 1 failed in 3.05s ===============================\n\n\n"
  },
  {
    "timestamp": "2026-01-07T02:48:49.068867",
    "context": {
      "site": "https://cloudflare.com",
      "project": "train_rank5_cloudflare_com",
      "phase": "execution"
    },
    "error": "state}\" event already fired')\n            # TODO: align with upstream\n            waiter._fulfill(None)\n        else:\n    \n            def handle_load_state_event(actual_state: str) -> bool:\n                waiter.log(f'\"{actual_state}\" event fired')\n                return actual_state == state\n    \n            waiter.wait_for_event(\n                self._event_emitter,\n                \"loadstate\",\n                handle_load_state_event,\n            )\n>       await waiter.result()\nE       playwright._impl._errors.TimeoutError: Timeout 30000ms exceeded.\n\n/opt/hostedtoolcache/Python/3.11.14/x64/lib/python3.11/site-packages/playwright/_impl/_frame.py:301: TimeoutError\n=========================== short test summary info ============================\nFAILED projects/train_rank5_cloudflare_com/tests/test_main.py::test_autonomous_flow[chromium] - playwright._impl._errors.TimeoutError: Timeout 30000ms exceeded.\n============================== 1 failed in 32.75s ==============================\n\n\n"
  },
  {
    "timestamp": "2026-01-07T02:50:30.009601",
    "context": {
      "site": "https://x.com",
      "project": "train_rank60_x_com",
      "phase": "execution"
    },
    "error": "ting, \"{state}\" event already fired')\n            # TODO: align with upstream\n            waiter._fulfill(None)\n        else:\n    \n            def handle_load_state_event(actual_state: str) -> bool:\n                waiter.log(f'\"{actual_state}\" event fired')\n                return actual_state == state\n    \n            waiter.wait_for_event(\n                self._event_emitter,\n                \"loadstate\",\n                handle_load_state_event,\n            )\n>       await waiter.result()\nE       playwright._impl._errors.TimeoutError: Timeout 30000ms exceeded.\n\n/opt/hostedtoolcache/Python/3.11.14/x64/lib/python3.11/site-packages/playwright/_impl/_frame.py:301: TimeoutError\n=========================== short test summary info ============================\nFAILED projects/train_rank60_x_com/tests/test_main.py::test_autonomous_flow[chromium] - playwright._impl._errors.TimeoutError: Timeout 30000ms exceeded.\n============================== 1 failed in 32.60s ==============================\n\n\n"
  },
  {
    "timestamp": "2026-01-07T02:51:12.584999",
    "context": {
      "site": "https://bytefcdn-oversea.com",
      "project": "train_rank122_bytefcdn-oversea_com",
      "phase": "execution"
    },
    "error": "tefcdn-oversea_com/tests/test_main.py _\nImportError while importing test module '/home/runner/work/build_qa_automation/build_qa_automation/projects/train_rank122_bytefcdn-oversea_com/tests/test_main.py'.\nHint: make sure your test modules/packages have valid Python names.\nTraceback:\n/opt/hostedtoolcache/Python/3.11.14/x64/lib/python3.11/importlib/__init__.py:126: in import_module\n    return _bootstrap._gcd_import(name[level:], package, level)\n           ^^^^^^^^^^^^^^^^^^^^^^^^^^^^^^^^^^^^^^^^^^^^^^^^^^^^\nprojects/train_rank122_bytefcdn-oversea_com/tests/test_main.py:32: in <module>\n    from core.utils import take_screenshot\nE   ModuleNotFoundError: No module named 'core.utils'\n=========================== short test summary info ============================\nERROR projects/train_rank122_bytefcdn-oversea_com/tests/test_main.py\n!!!!!!!!!!!!!!!!!!!! Interrupted: 1 error during collection !!!!!!!!!!!!!!!!!!!!\n=============================== 1 error in 0.13s ===============================\n\n\n"
    "timestamp": "2026-01-06T20:34:31.188316",
    "context": {
      "site": "https://automationexercise.com/",
      "project": "super_complex_stress_v10",
      "phase": "execution"
    },
    "error": "r_load_state(\"domcontentloaded\")\n    \n        # 2. Logic (using POM)\n        products_page = ProductsPage(page)\n        products_page.navigate_to_products_page()\n    \n        products_page.search_product(\"Stylish Dress\")\n>       products_page.add_product_to_cart()\n\nprojects\\super_complex_stress_v10\\tests\\test_super_complex.py:59: \n_ _ _ _ _ _ _ _ _ _ _ _ _ _ _ _ _ _ _ _ _ _ _ _ _ _ _ _ _ _ _ _ _ _ _ _ _ _ _ _\n\nself = <test_super_complex.ProductsPage object at 0x000001B7C5CF53D0>\n\n    def add_product_to_cart(self):\n>       self.add_to_cart_button.first().click()\n        ^^^^^^^^^^^^^^^^^^^^^^^^^^^^^^^\nE       TypeError: 'Locator' object is not callable\n\nprojects\\super_complex_stress_v10\\tests\\test_super_complex.py:44: TypeError\n=========================== short test summary info ===========================\nFAILED projects/super_complex_stress_v10/tests/test_super_complex.py::test_autonomous_flow[chromium]\n============================== 1 failed in 8.28s ==============================\n\n\n"
  },
  {
    "timestamp": "2026-01-06T21:01:08.579042",
    "context": {
      "site": "https://automationexercise.com/",
      "project": "super_complex_stress_v11",
      "phase": "execution"
    },
    "error": "\n            return await cb()\n        except Exception as error:\n>           raise rewrite_error(error, f\"{parsed_st['apiName']}: {error}\") from None\nE           playwright._impl._errors.Error: Locator.click: Error: strict mode violation: get_by_role(\"link\", name=\"Test Cases\") resolved to 2 elements:\nE               1) <a href=\"/test_cases\">\u2026</a> aka get_by_role(\"link\", name=\"\uf03a Test Cases\")\nE               2) <a href=\"/test_cases\" class=\"test_cases_list\">\u2026</a> aka get_by_role(\"link\", name=\"Test Cases\", exact=True)\nE           \nE           Call log:\nE             - waiting for get_by_role(\"link\", name=\"Test Cases\")\n\n..\\..\\..\\..\\AppData\\Local\\Programs\\Python\\Python311\\Lib\\site-packages\\playwright\\_impl\\_connection.py:559: Error\n=========================== short test summary info ===========================\nFAILED projects/super_complex_stress_v11/tests/test_super_complex.py::test_autonomous_flow[chromium]\n============================== 1 failed in 7.35s ==============================\n\n\n"
  },
  {
    "timestamp": "2026-01-06T21:09:44.265889",
    "context": {
      "site": "https://automationexercise.com/",
      "project": "super_complex_stress_v11",
      "phase": "execution"
    },
    "error": "current_task(self._loop)\n        st: List[inspect.FrameInfo] = getattr(\n            task, \"__pw_stack__\", None\n        ) or inspect.stack(0)\n    \n        parsed_st = _extract_stack_trace_information_from_stack(st, is_internal, title)\n        self._api_zone.set(parsed_st)\n        try:\n            return await cb()\n        except Exception as error:\n>           raise rewrite_error(error, f\"{parsed_st['apiName']}: {error}\") from None\nE           playwright._impl._errors.TimeoutError: Locator.click: Timeout 30000ms exceeded.\nE           Call log:\nE             - waiting for get_by_role(\"link\", name=\"\ue8f8 Products\")\n\n..\\..\\..\\..\\AppData\\Local\\Programs\\Python\\Python311\\Lib\\site-packages\\playwright\\_impl\\_connection.py:559: TimeoutError\n=========================== short test summary info ===========================\nFAILED projects/super_complex_stress_v11/tests/test_super_complex.py::test_autonomous_flow[chromium]\n============================= 1 failed in 36.28s ==============================\n\n\n"
  }
]