============================= test session starts ==============================
platform linux -- Python 3.11.14, pytest-9.0.2, pluggy-1.6.0 -- /opt/hostedtoolcache/Python/3.11.14/x64/bin/python
cachedir: .pytest_cache
metadata: {'Python': '3.11.14', 'Platform': 'Linux-6.11.0-1018-azure-x86_64-with-glibc2.39', 'Packages': {'pytest': '9.0.2', 'pluggy': '1.6.0'}, 'Plugins': {'html': '4.1.1', 'base-url': '2.1.0', 'playwright': '0.7.2', 'anyio': '4.12.1', 'metadata': '3.1.1', 'langsmith': '0.6.2'}, 'CI': 'true', 'JAVA_HOME': '/usr/lib/jvm/temurin-17-jdk-amd64', 'Base URL': ''}
rootdir: /home/runner/work/build_qa_automation/build_qa_automation
plugins: html-4.1.1, base-url-2.1.0, playwright-0.7.2, anyio-4.12.1, metadata-3.1.1, langsmith-0.6.2
collecting ... collected 1 item

projects/orangehrm_enterprise/tests/test_main.py::test_autonomous_flow[chromium] FAILED

=================================== FAILURES ===================================
________________________ test_autonomous_flow[chromium] ________________________

browser = <Browser type=<BrowserType name=chromium executable_path=/home/runner/.cache/ms-playwright/chromium-1200/chrome-linux64/chrome> version=143.0.7499.4>

    def test_autonomous_flow(browser: Browser):
        page = browser.new_page()
        login_page = LoginPage(page)
        dashboard_page = OrangehrmDashboardPage(page)
        employee_list_page = EmployeeListPage(page)
        add_employee_page = AddEmployeeOrangehrmPage(page)
        system_users_page = SystemUsersPage(page)
        add_user_page = AddUserPage(page)
        pim_personal_details_page = OrangehrmPimPersonalDetailsPage(page)
    
        login_page.navigate("https://opensource-demo.orangehrmlive.com/web/index.php/auth/login")
>       login_page.login("Admin", "admin123")

projects/orangehrm_enterprise/tests/test_main.py:115: 
_ _ _ _ _ _ _ _ _ _ _ _ _ _ _ _ _ _ _ _ _ _ _ _ _ _ _ _ _ _ _ _ _ _ _ _ _ _ _ _ 
projects/orangehrm_enterprise/tests/test_main.py:32: in login
    self.page.locator(eval(self.login_button_locator)).click()
                      ^^^^^^^^^^^^^^^^^^^^^^^^^^^^^^^
_ _ _ _ _ _ _ _ _ _ _ _ _ _ _ _ _ _ _ _ _ _ _ _ _ _ _ _ _ _ _ _ _ _ _ _ _ _ _ _ 

>   ???
E   NameError: name 'page' is not defined

<string>:1: NameError
=========================== short test summary info ============================
FAILED projects/orangehrm_enterprise/tests/test_main.py::test_autonomous_flow[chromium] - NameError: name 'page' is not defined
============================== 1 failed in 2.93s ===============================

