============================= test session starts =============================
platform win32 -- Python 3.11.9, pytest-9.0.2, pluggy-1.6.0 -- C:\Users\vishv\AppData\Local\Programs\Python\Python311\python.exe
cachedir: .pytest_cache
rootdir: C:\Users\vishv\.gemini\antigravity\playground\inner-event
plugins: anyio-4.12.0, langsmith-0.5.2, base-url-2.1.0, playwright-0.7.2
collecting ... collected 1 item

projects/katalon_audit/tests/test_main.py::test_autonomous_workflow[chromium] FAILED

================================== FAILURES ===================================
_____________________ test_autonomous_workflow[chromium] ______________________
async def functions are not natively supported.
You need to install a suitable plugin for your async framework, for example:
  - anyio
  - pytest-asyncio
  - pytest-tornasync
  - pytest-trio
  - pytest-twisted
============================== warnings summary ===============================
projects\katalon_audit\tests\test_main.py:39
  C:\Users\vishv\.gemini\antigravity\playground\inner-event\projects\katalon_audit\tests\test_main.py:39: PytestUnknownMarkWarning: Unknown pytest.mark.asyncio - is this a typo?  You can register custom marks to avoid this warning - for details, see https://docs.pytest.org/en/stable/how-to/mark.html
    @pytest.mark.asyncio

-- Docs: https://docs.pytest.org/en/stable/how-to/capture-warnings.html
=========================== short test summary info ===========================
FAILED projects/katalon_audit/tests/test_main.py::test_autonomous_workflow[chromium]
======================== 1 failed, 1 warning in 1.21s =========================

