============================= test session starts ==============================
platform linux -- Python 3.11.14, pytest-9.0.2, pluggy-1.6.0 -- /opt/hostedtoolcache/Python/3.11.14/x64/bin/python
cachedir: .pytest_cache
metadata: {'Python': '3.11.14', 'Platform': 'Linux-6.11.0-1018-azure-x86_64-with-glibc2.39', 'Packages': {'pytest': '9.0.2', 'pluggy': '1.6.0'}, 'Plugins': {'html': '4.1.1', 'langsmith': '0.6.1', 'base-url': '2.1.0', 'playwright': '0.7.2', 'anyio': '4.12.1', 'metadata': '3.1.1'}, 'CI': 'true', 'JAVA_HOME': '/usr/lib/jvm/temurin-17-jdk-amd64', 'Base URL': ''}
rootdir: /home/runner/work/build_qa_automation/build_qa_automation
plugins: html-4.1.1, langsmith-0.6.1, base-url-2.1.0, playwright-0.7.2, anyio-4.12.1, metadata-3.1.1
collecting ... collected 1 item

projects/train_rank138_cloud_microsoft/tests/test_main.py::test_autonomous_flow[chromium] FAILED

=================================== FAILURES ===================================
________________________ test_autonomous_flow[chromium] ________________________

browser = <Browser type=<BrowserType name=chromium executable_path=/home/runner/.cache/ms-playwright/chromium-1200/chrome-linux64/chrome> version=143.0.7499.4>

    def test_autonomous_flow(browser: Browser):
        # 1. Setup
        context = browser.new_context(viewport={"width": 1920, "height": 1080})
        page = context.new_page()
        page.goto("https://m365.cloud.microsoft/")
        page.wait_for_load_state("networkidle")
    
        # 2. Logic (using POM)
        home_page = HomePage(page)
    
        # Scroll to bottom three times
        for _ in range(3):
            home_page.scroll_to_bottom()
            page.wait_for_load_state("domcontentloaded")  # Add a wait for stability
    
        # Locate elements (no actions, just locating)
        expect(home_page.sign_in_button).to_be_visible()
        expect(home_page.get_microsoft_365_button).to_be_visible()
        expect(home_page.more_button).to_be_visible()
        expect(home_page.all_microsoft_button).to_be_visible()
        expect(home_page.skip_to_main_content_link).to_be_visible()
>       expect(home_page.microsoft_365_copilot_link).to_be_visible()
E       AssertionError: Locator expected to be visible
E       Actual value: None
E       Error: strict mode violation: get_by_role("link", name=re.compile(r"Microsoft 365 Copilot", re.IGNORECASE)) resolved to 2 elements:
E           1) <a itemprop="url" id="uhfCatLogo" class="c-logo c-cat-logo" aria-label="Microsoft 365 Copilot" href="https://m365.cloud.microsoft/" data-m="{"cN":"CatNav_Microsoft 365 Copilot_nav","id":"n6c2m1r1a1","sN":6,"aN":"c2m1r1a1"}">…</a> aka get_by_role("link", name="Microsoft 365 Copilot", exact=True)
E           2) <a class="c-uhff-link" aria-label="Microsoft 365 Copilot Business" href="https://www.microsoft.com/en-us/microsoft-365-copilot?icid=DSM_Footer_Microsoft365Copilot" data-m="{"cN":"Footer_CopilotMicrosoft365_nav","id":"n6c4c1c1m1r1a2","sN":6,"aN":"c4c1c1m1r1a2"}">Microsoft 365 Copilot</a> aka get_by_role("link", name="Microsoft 365 Copilot Business")
E        
E       Call log:
E         - Expect "to_be_visible" with timeout 5000ms
E         - waiting for get_by_role("link", name=re.compile(r"Microsoft 365 Copilot", re.IGNORECASE))

projects/train_rank138_cloud_microsoft/tests/test_main.py:71: AssertionError
=========================== short test summary info ============================
FAILED projects/train_rank138_cloud_microsoft/tests/test_main.py::test_autonomous_flow[chromium] - AssertionError: Locator expected to be visible
Actual value: None
Error: strict mode violation: get_by_role("link", name=re.compile(r"Microsoft 365 Copilot", re.IGNORECASE)) resolved to 2 elements:
    1) <a itemprop="url" id="uhfCatLogo" class="c-logo c-cat-logo" aria-label="Microsoft 365 Copilot" href="https://m365.cloud.microsoft/" data-m="{"cN":"CatNav_Microsoft 365 Copilot_nav","id":"n6c2m1r1a1","sN":6,"aN":"c2m1r1a1"}">…</a> aka get_by_role("link", name="Microsoft 365 Copilot", exact=True)
    2) <a class="c-uhff-link" aria-label="Microsoft 365 Copilot Business" href="https://www.microsoft.com/en-us/microsoft-365-copilot?icid=DSM_Footer_Microsoft365Copilot" data-m="{"cN":"Footer_CopilotMicrosoft365_nav","id":"n6c4c1c1m1r1a2","sN":6,"aN":"c4c1c1m1r1a2"}">Microsoft 365 Copilot</a> aka get_by_role("link", name="Microsoft 365 Copilot Business")
 
Call log:
  - Expect "to_be_visible" with timeout 5000ms
  - waiting for get_by_role("link", name=re.compile(r"Microsoft 365 Copilot", re.IGNORECASE))
============================== 1 failed in 2.86s ===============================

