============================= test session starts =============================
platform win32 -- Python 3.11.9, pytest-9.0.2, pluggy-1.6.0 -- C:\Users\vishv\AppData\Local\Programs\Python\Python311\python.exe
cachedir: .pytest_cache
rootdir: C:\Users\vishv\.gemini\antigravity\playground\inner-event
plugins: anyio-4.12.0, langsmith-0.5.2, base-url-2.1.0, playwright-0.7.2
collecting ... collected 1 item

projects/automationexercise_regression/tests/e2e/test_main.py::test_autonomous_flow[chromium] FAILED

================================== FAILURES ===================================
_______________________ test_autonomous_flow[chromium] ________________________

browser = <Browser type=<BrowserType name=chromium executable_path=C:\Users\vishv\AppData\Local\ms-playwright\chromium-1200\chrome-win64\chrome.exe> version=143.0.7499.4>

    def test_autonomous_flow(browser):
        page = browser.new_page()
        base_page = BasePage(page)
        home_page = HomePage(page)
        products_page = ProductsPage(page)
    
>       base_page.navigate("https://www.automationexercise.com/")

projects\automationexercise_regression\tests\e2e\test_main.py:53: 
_ _ _ _ _ _ _ _ _ _ _ _ _ _ _ _ _ _ _ _ _ _ _ _ _ _ _ _ _ _ _ _ _ _ _ _ _ _ _ _
projects\automationexercise_regression\tests\e2e\test_main.py:20: in navigate
    self.page.wait_for_load_state("networkidle")
..\..\..\..\AppData\Local\Programs\Python\Python311\Lib\site-packages\playwright\sync_api\_generated.py:9148: in wait_for_load_state
    self._sync(self._impl_obj.wait_for_load_state(state=state, timeout=timeout))
..\..\..\..\AppData\Local\Programs\Python\Python311\Lib\site-packages\playwright\_impl\_page.py:572: in wait_for_load_state
    return await self._main_frame.wait_for_load_state(**locals_to_params(locals()))
           ^^^^^^^^^^^^^^^^^^^^^^^^^^^^^^^^^^^^^^^^^^^^^^^^^^^^^^^^^^^^^^^^^^^^^^^^
..\..\..\..\AppData\Local\Programs\Python\Python311\Lib\site-packages\playwright\_impl\_frame.py:273: in wait_for_load_state
    return await self._wait_for_load_state_impl(state, timeout)
           ^^^^^^^^^^^^^^^^^^^^^^^^^^^^^^^^^^^^^^^^^^^^^^^^^^^^
_ _ _ _ _ _ _ _ _ _ _ _ _ _ _ _ _ _ _ _ _ _ _ _ _ _ _ _ _ _ _ _ _ _ _ _ _ _ _ _

self = <Frame name= url='https://www.automationexercise.com/'>
state = 'networkidle', timeout = None

    async def _wait_for_load_state_impl(
        self, state: DocumentLoadState = None, timeout: float = None
    ) -> None:
        if not state:
            state = "load"
        if state not in ("load", "domcontentloaded", "networkidle", "commit"):
            raise Error(
                "state: expected one of (load|domcontentloaded|networkidle|commit)"
            )
        waiter = self._setup_navigation_waiter("wait_for_load_state", timeout)
    
        if state in self._load_states:
            waiter.log(f'  not waiting, "{state}" event already fired')
            # TODO: align with upstream
            waiter._fulfill(None)
        else:
    
            def handle_load_state_event(actual_state: str) -> bool:
                waiter.log(f'"{actual_state}" event fired')
                return actual_state == state
    
            waiter.wait_for_event(
                self._event_emitter,
                "loadstate",
                handle_load_state_event,
            )
>       await waiter.result()
E       playwright._impl._errors.TimeoutError: Timeout 30000ms exceeded.

..\..\..\..\AppData\Local\Programs\Python\Python311\Lib\site-packages\playwright\_impl\_frame.py:301: TimeoutError
=========================== short test summary info ===========================
FAILED projects/automationexercise_regression/tests/e2e/test_main.py::test_autonomous_flow[chromium]
============================= 1 failed in 32.77s ==============================

