============================= test session starts =============================
platform win32 -- Python 3.11.9, pytest-9.0.2, pluggy-1.6.0 -- C:\Users\vishv\AppData\Local\Programs\Python\Python311\python.exe
cachedir: .pytest_cache
rootdir: C:\Users\vishv\.gemini\antigravity\playground\inner-event
plugins: anyio-4.12.0, langsmith-0.5.2, base-url-2.1.0, playwright-0.7.2
collecting ... collected 1 item

projects/verify_custom_letcode/tests/test_main.py::test_autonomous_flow[chromium] FAILED

================================== FAILURES ===================================
_______________________ test_autonomous_flow[chromium] ________________________

browser = <Browser type=<BrowserType name=chromium executable_path=C:\Users\vishv\AppData\Local\ms-playwright\chromium-1200\chrome-win64\chrome.exe> version=143.0.7499.4>

    def test_autonomous_flow(browser: Browser):
        page = browser.new_page()
        base_page = BasePage(page)
        letcode_test_automation_practice_page = LetcodeTestAutomationPracticePage(page)
        letcode_input_page = LetcodeInputPage(page)
    
        letcode_test_automation_practice_page.navigate("https://letcode.in/test")
        letcode_test_automation_practice_page.navigate_to_edit_page()
    
        letcode_input_page.fill_full_name("John Doe")
        letcode_input_page.fill_join_field("test")
        letcode_input_page.fill_get_me_field("test3")
    
>       letcode_input_page.verify_filled_name("John Doe")

projects\verify_custom_letcode\tests\test_main.py:66: 
_ _ _ _ _ _ _ _ _ _ _ _ _ _ _ _ _ _ _ _ _ _ _ _ _ _ _ _ _ _ _ _ _ _ _ _ _ _ _ _
projects\verify_custom_letcode\tests\test_main.py:50: in verify_filled_name
    expect(actual_name).to_equal(expected_name)
    ^^^^^^^^^^^^^^^^^^^
_ _ _ _ _ _ _ _ _ _ _ _ _ _ _ _ _ _ _ _ _ _ _ _ _ _ _ _ _ _ _ _ _ _ _ _ _ _ _ _

self = <playwright.sync_api.Expect object at 0x0000020753A79D50>
actual = 'John Doe', message = None

    def __call__(
        self, actual: Union[Page, Locator, APIResponse], message: Optional[str] = None
    ) -> Union[PageAssertions, LocatorAssertions, APIResponseAssertions]:
        if isinstance(actual, Page):
            return PageAssertions(
                PageAssertionsImpl(actual._impl_obj, self._timeout, message=message)
            )
        elif isinstance(actual, Locator):
            return LocatorAssertions(
                LocatorAssertionsImpl(actual._impl_obj, self._timeout, message=message)
            )
        elif isinstance(actual, APIResponse):
            return APIResponseAssertions(
                APIResponseAssertionsImpl(
                    actual._impl_obj, self._timeout, message=message
                )
            )
>       raise ValueError(f"Unsupported type: {type(actual)}")
E       ValueError: Unsupported type: <class 'str'>

..\..\..\..\AppData\Local\Programs\Python\Python311\Lib\site-packages\playwright\sync_api\__init__.py:143: ValueError
=========================== short test summary info ===========================
FAILED projects/verify_custom_letcode/tests/test_main.py::test_autonomous_flow[chromium]
============================== 1 failed in 3.24s ==============================

