============================= test session starts ==============================
platform linux -- Python 3.11.14, pytest-9.0.2, pluggy-1.6.0 -- /opt/hostedtoolcache/Python/3.11.14/x64/bin/python
cachedir: .pytest_cache
metadata: {'Python': '3.11.14', 'Platform': 'Linux-6.11.0-1018-azure-x86_64-with-glibc2.39', 'Packages': {'pytest': '9.0.2', 'pluggy': '1.6.0'}, 'Plugins': {'html': '4.1.1', 'langsmith': '0.6.1', 'base-url': '2.1.0', 'playwright': '0.7.2', 'anyio': '4.12.1', 'metadata': '3.1.1'}, 'CI': 'true', 'JAVA_HOME': '/usr/lib/jvm/temurin-17-jdk-amd64', 'Base URL': ''}
rootdir: /home/runner/work/build_qa_automation/build_qa_automation
plugins: html-4.1.1, langsmith-0.6.1, base-url-2.1.0, playwright-0.7.2, anyio-4.12.1, metadata-3.1.1
collecting ... collected 1 item

projects/train_rank39_digicert_com/tests/test_main.py::test_autonomous_flow[chromium] FAILED

=================================== FAILURES ===================================
________________________ test_autonomous_flow[chromium] ________________________

generic_page = <test_main.GenericPage object at 0x7f5040b9e990>
page = <Page url='https://www.digicert.com/'>

    @pytest.mark.test_autonomous_flow
    def test_autonomous_flow(generic_page: GenericPage, page: Page):
        # 1. Setup & Navigation
        generic_page.goto("https://www.digicert.com/")
    
        # 2. Assertion
>       expect(page).to_have_title(r".*DigiCert.*", timeout=10000)
E       AssertionError: Page title expected to be '.*DigiCert.*'
E       Actual value:  
E       Call log:
E         - Expect "to_have_title" with timeout 10000ms
E           14 × unexpected value ""

projects/train_rank39_digicert_com/tests/test_main.py:27: AssertionError
=============================== warnings summary ===============================
projects/train_rank39_digicert_com/tests/test_main.py:21
  /home/runner/work/build_qa_automation/build_qa_automation/projects/train_rank39_digicert_com/tests/test_main.py:21: PytestUnknownMarkWarning: Unknown pytest.mark.test_autonomous_flow - is this a typo?  You can register custom marks to avoid this warning - for details, see https://docs.pytest.org/en/stable/how-to/mark.html
    @pytest.mark.test_autonomous_flow

-- Docs: https://docs.pytest.org/en/stable/how-to/capture-warnings.html
=========================== short test summary info ============================
FAILED projects/train_rank39_digicert_com/tests/test_main.py::test_autonomous_flow[chromium] - AssertionError: Page title expected to be '.*DigiCert.*'
Actual value:  
Call log:
  - Expect "to_have_title" with timeout 10000ms
    14 × unexpected value ""
======================== 1 failed, 1 warning in 10.62s =========================

