============================= test session starts ==============================
platform linux -- Python 3.11.14, pytest-9.0.2, pluggy-1.6.0 -- /opt/hostedtoolcache/Python/3.11.14/x64/bin/python
cachedir: .pytest_cache
metadata: {'Python': '3.11.14', 'Platform': 'Linux-6.11.0-1018-azure-x86_64-with-glibc2.39', 'Packages': {'pytest': '9.0.2', 'pluggy': '1.6.0'}, 'Plugins': {'html': '4.1.1', 'langsmith': '0.6.1', 'base-url': '2.1.0', 'playwright': '0.7.2', 'anyio': '4.12.1', 'metadata': '3.1.1'}, 'CI': 'true', 'JAVA_HOME': '/usr/lib/jvm/temurin-17-jdk-amd64', 'Base URL': ''}
rootdir: /home/runner/work/build_qa_automation/build_qa_automation
plugins: html-4.1.1, langsmith-0.6.1, base-url-2.1.0, playwright-0.7.2, anyio-4.12.1, metadata-3.1.1
collecting ... collected 1 item

projects/train_rank32_doubleclick_net/tests/test_main.py::test_autonomous_flow[chromium] FAILED

=================================== FAILURES ===================================
________________________ test_autonomous_flow[chromium] ________________________

browser = <Browser type=<BrowserType name=chromium executable_path=/home/runner/.cache/ms-playwright/chromium-1200/chrome-linux64/chrome> version=143.0.7499.4>

    def test_autonomous_flow(browser: Browser):
        # 1. Setup
        context = browser.new_context(viewport={"width": 1920, "height": 1080})
        page = context.new_page()
        google_marketing_platform_page = GoogleMarketingPlatformPage(page)
    
        # 2. Logic (using POM)
        google_marketing_platform_page.goto()
>       google_marketing_platform_page.scroll_page()

projects/train_rank32_doubleclick_net/tests/test_main.py:42: 
_ _ _ _ _ _ _ _ _ _ _ _ _ _ _ _ _ _ _ _ _ _ _ _ _ _ _ _ _ _ _ _ _ _ _ _ _ _ _ _ 

self = <test_main.GoogleMarketingPlatformPage object at 0x7f73727994d0>
direction = 'down'

    def scroll_page(self, direction="down"):
>       self.page.locator("#lang-selector").scroll(direction)
        ^^^^^^^^^^^^^^^^^^^^^^^^^^^^^^^^^^^^^^^^^^
E       AttributeError: 'Locator' object has no attribute 'scroll'

projects/train_rank32_doubleclick_net/tests/test_main.py:31: AttributeError
=========================== short test summary info ============================
FAILED projects/train_rank32_doubleclick_net/tests/test_main.py::test_autonomous_flow[chromium] - AttributeError: 'Locator' object has no attribute 'scroll'
============================== 1 failed in 1.80s ===============================

